can exercise training alter human skeletal muscle dna methylation?
acetylation of adenine nucleotide translocase, fuel selection, and metabolic flexibility in human skeletal muscle
a performance review of novel adiposity indices for assessing insulin resistance in a pediatric latino population
tools to measure health literacy among adult hispanic populations with type 2 diabetes mellitus: a review of the literature
integrative medicine considerations for convalescence from mild-to-moderate covid-19 disease
the role of growth and nutrition in the early origins of spirometric restriction in adult life: a longitudinal, multicohort, population-based study
high insulin in early childhood is associated with subsequent asthma risk independent of body mass index
club cell secretory protein and lung function in children with cystic fibrosis
epithelial cell responses to rhinovirus identify an early-life–onset asthma phenotype in adults
epithelial cell responses to rhinovirus identify an early-life-onset asthma phenotype in adults
navigating the initial diagnosis and management of adult iga vasculitis: a review
design, physicochemical characterization, and in vitro permeation of innovative resatorvid topical formulations for targeted skin drug delivery
abstract a006: shared gene expression and immune pathway changes associated with progression from nevi to melanoma
abstract a001: shared gene expression and immune pathway changes associated with progression from nevi to melanoma
obstructive sleep apnea as a risk factor for covid-19 severity—the gut microbiome as a common player mediating systemic inflammation via gut barrier dysfunction
circadian acclimatization of performance, sleep, and 6-sulfatoxymelatonin using multiple phase shifting stimuli
markers of ventricular repolarization and overall mortality in sleep disordered breathing
0782 changes in markers of ventricular repolarization and positive airway pressure therapy: a pilot study
0696 the application of a qtc risk score in patients with obstructive sleep apnea
lung spatial profiling reveals a t cell signature in copd patients with fatal sars-cov-2 infection
clinical study of aspirin and zileuton on biomarkers of tobacco-related carcinogenesis in current smokers
randomized crossover trial evaluating detoxification of tobacco carcinogens by broccoli seed and sprout extract in current smokers
immunogenetics associated with severe coccidioidomycosis
controversies in the management of central nervous system coccidioidomycosis
tnfα blockade inhibits both initial and continued control of pulmonary coccidioides
cross-sectional study of clinical predictors of coccidioidomycosis, arizona, usa
contribution of biologic response modifiers to the risk of coccidioidomycosis severity
multi-scalar data integration links glomerular angiopoietin-tie signaling pathway activation with progression of diabetic kidney disease
enampt neutralization reduces preclinical ards severity via rectified nfkb and akt/mtorc2 signaling
involvement of enampt/tlr4 signaling in murine radiation pneumonitis: protection by enampt neutralization
enampt is a novel damage-associated molecular pattern protein that contributes to the severity of radiation-induced lung fibrosis
enampt neutralization preserves lung fluid balance and reduces acute renal injury in porcine sepsis/vili-induced inflammatory lung injury
a cortactin cttn coding snp contributes to lung vascular permeability and inflammatory disease severity in african descent subjects
biochemical and genomic identification of novel biomarkers in progressive sarcoidosis: hbegf, enampt, and ang-2
a qualitative study of barriers to care-seeking for diabetic foot ulceration across multiple levels of the healthcare system
the utility of (1→3)-β-d-glucan testing in the diagnosis of coccidioidomycosis in hospitalized immunocompromised patients
<i>my wellness coach</i>: evaluation of a mobile app designed to promote integrative health among underserved populations
mobile app intervention on reducing the myeloproliferative neoplasm symptom burden: pilot feasibility and acceptability study
extracellular alterations in ph and k+ modify the murine brain endothelial cell total and phospho-proteome
glucagon receptor signaling at white adipose tissue does not regulate lipolysis
targeted cul4a inhibition synergizes with cisplatin to yield long-term survival in models of head and neck squamous cell carcinoma through a ddb2-mediated mechanism
abstract 2640: targeted cul4a inhibition synergizes with cisplatin to yield long-term survival in models of head and neck squamous cell carcinoma through a ddb2-mediated mechanism
phenotypes of disease severity in a cohort of hospitalized covid-19 patients: results from the impacc study
outcomes and risk factors for delayed-onset postoperative respiratory failure: a multi-center case-control study by the university of california critical care research collaborative (uc3rc)
t-cell cellular stress and reticulocyte signatures, but not loss of naïve t lymphocytes, characterize severe covid-19 in older adults
effectiveness of casirivimab-imdevimab monoclonal antibody treatment among high-risk patients with severe acute respiratory syndrome coronavirus 2 b.1.617.2 (delta variant) infection
lack of effectiveness of bebtelovimab monoclonal antibody among high-risk patients with sars-cov-2 omicron during ba.2, ba.2.12.1 and ba.5 subvariants dominated era
effectiveness of casirivimab-imdevimab and sotrovimab monoclonal antibody treatment among high-risk patients with sars-cov-2 infection: a real-world experience
