Harriett Green 
Tara Radniecki 
Celeste Reyes 
Roberta Chong 
David Borycz 
Tiffany Calderon 
Yingxuan Liu https://openalex.org/A5012904439
Jennifer Church-Duran 
Adrian Cota 
Hasan Sanli 
Susan Fasciani 
Mary Simons 
Kenya Johnson 
Monica Romero 
Shan Sutton https://openalex.org/A5061280794
Ella Peterson 
Michael Brewer https://openalex.org/A5009411264
Michael Brewer https://openalex.org/A5047553232
Michael Brewer https://openalex.org/A5081779788
Lidia Barcelo 
Marty Taylor 
Hayri Yildirim 
Aengus Anderson 
