2024-03-21 15:55:38 Amanda Gutierrez https://openalex.org/A5007557525
2024-03-21 15:55:40 Harriett Green 
2024-03-21 15:55:40 Tara Radniecki 
2024-03-21 15:55:40 Celeste Reyes 
2024-03-21 15:55:40 Roberta Chong 
2024-03-21 15:55:40 David Borycz 
2024-03-21 15:55:40 Tiffany Calderon 
2024-03-21 15:55:40 Yingxuan Liu https://openalex.org/A5012904439
2024-03-21 15:55:40 Jennifer Church-Duran 
2024-03-21 15:55:40 Adrian Cota 
2024-03-21 15:55:40 Hasan Sanli 
2024-03-21 15:55:40 Susan Fasciani 
2024-03-21 15:55:40 Mary Simons 
2024-03-21 15:55:40 Kenya Johnson 
2024-03-21 15:55:40 Monica Romero 
2024-03-21 15:55:40 Shan Sutton https://openalex.org/A5061280794
2024-03-21 15:55:40 Ella Peterson 
2024-03-21 15:55:40 Michael Brewer https://openalex.org/A5009411264
2024-03-21 15:55:40 Michael Brewer https://openalex.org/A5047553232
2024-03-21 15:55:40 Michael Brewer https://openalex.org/A5081779788
2024-03-21 15:55:42 Lidia Barcelo 
2024-03-21 15:55:42 Marty Taylor 
2024-03-21 15:55:42 Hayri Yildirim 
2024-03-21 15:55:42 David Anderson https://openalex.org/A5028434301
2024-03-21 15:55:42 David Anderson https://openalex.org/A5022102902
2024-03-21 15:55:42 David Anderson https://openalex.org/A5023050479
2024-03-21 15:55:42 David Anderson https://openalex.org/A5018013929
2024-03-21 15:55:42 David Anderson https://openalex.org/A5057911532
2024-03-21 15:55:42 David Anderson https://openalex.org/A5036762179
