2024-03-20 20:49:12 Bujji B Ainapurapu https://openalex.org/A5039697878
2024-03-20 20:49:13 Joao Paulo Albuquerque Ferreira https://openalex.org/A5043376371
2024-03-20 20:49:14 Joseph S Alpert https://openalex.org/A5083966963
2024-03-20 20:49:14 Joseph S Alpert https://openalex.org/A5072421475
2024-03-20 20:49:16 Bhaskar Banerjee https://openalex.org/A5006354242
2024-03-20 20:49:17 Christian Bime https://openalex.org/A5045945076
2024-03-20 20:49:19 Frank Brosius https://openalex.org/A5003676386
2024-03-20 20:49:20 Daniel C Butler https://openalex.org/A5067778342
2024-03-20 20:49:21 Jennifer S Carew https://openalex.org/A5018391856
2024-03-20 20:49:22 Tara F Carr https://openalex.org/A5066690347
2024-03-20 20:49:22 Tara F Carr https://openalex.org/A5084840996
2024-03-20 20:49:24 Dawn K Coletta https://openalex.org/A5067688814
2024-03-20 20:49:24 Dawn K Coletta https://openalex.org/A5088455546
2024-03-20 20:49:25 Elizabeth Connick https://openalex.org/A5075442903
2024-03-20 20:49:26 Keliegh S Culpepper https://openalex.org/A5073443838
2024-03-20 20:49:27 Clara N Curiel https://openalex.org/A5013049371
2024-03-20 20:49:27 Clara N Curiel https://openalex.org/A5051542787
2024-03-20 20:49:29 Fariba Donovan https://openalex.org/A5088685593
2024-03-20 20:49:31 Mindy J Fain https://openalex.org/A5033477263
2024-03-20 20:49:32 Janet L Funk https://openalex.org/A5051357897
2024-03-20 20:49:33 John N Galgiani https://openalex.org/A5004070315
2024-03-20 20:49:35 Linda L Garland https://openalex.org/A5038842153
2024-03-20 20:49:36 Edward P Gelmann https://openalex.org/A5051729520
2024-03-20 20:49:37 Julia H Indik https://openalex.org/A5028475616
2024-03-20 20:49:37 Julia H Indik https://openalex.org/A5014145832
2024-03-20 20:49:38 Stephen A Klotz https://openalex.org/A5074660848
2024-03-20 20:49:39 James L Knepler https://openalex.org/A5013130818
2024-03-20 20:49:40 Vivian Akrive Kominos 
2024-03-20 20:49:40 C. Kent Kwoh https://openalex.org/A5002622252
2024-03-20 20:49:40 C. Kent Kwoh https://openalex.org/A5040967883
2024-03-20 20:49:40 C. Kent Kwoh https://openalex.org/A5066562870
2024-03-20 20:49:40 C. Kent Kwoh https://openalex.org/A5037215582
2024-03-20 20:49:40 C. Kent Kwoh https://openalex.org/A5036679809
2024-03-20 20:49:42 Paul R Langlais https://openalex.org/A5014904840
2024-03-20 20:49:43 Xingnan Li https://openalex.org/A5060041080
2024-03-20 20:49:45 James Kuang-Jan Liao 
2024-03-20 20:49:45 Moulun Luo https://openalex.org/A5046813621
2024-03-20 20:49:46 Joshua Malo https://openalex.org/A5011892177
2024-03-20 20:49:48 Lawrence J Mandarino https://openalex.org/A5089720468
2024-03-20 20:49:49 Laura E Meinke https://openalex.org/A5034039983
2024-03-20 20:49:50 Juanita L Merchant https://openalex.org/A5042603101
2024-03-20 20:49:51 Steffan Nawrocki https://openalex.org/A5062792047
2024-03-20 20:49:52 Sairam Parthasarathy https://openalex.org/A5020095687
2024-03-20 20:49:54 Salma Imran Patel https://openalex.org/A5062299099
2024-03-20 20:49:55 Linda R Phillips https://openalex.org/A5014402169
2024-03-20 20:49:56 Franz Rischard https://openalex.org/A5067760662
2024-03-20 20:49:57 Saad Sammani https://openalex.org/A5087918435
2024-03-20 20:49:59 Rachna Shroff https://openalex.org/A5012936802
2024-03-20 20:50:00 Nikola Sladojevic 
2024-03-20 20:50:00 Marvin J Slepian https://openalex.org/A5070730048
2024-03-20 20:50:02 Jennifer H Stern https://openalex.org/A5036642928
2024-03-20 20:50:04 Amy N Sussman https://openalex.org/A5024974847
2024-03-20 20:50:05 Sasha Taleban https://openalex.org/A5001564898
2024-03-20 20:50:06 Bekir Tanriover https://openalex.org/A5016874418
2024-03-20 20:50:08 Tejo K Vemulapalli 
2024-03-20 20:50:08 Wayne Tyrus Willis https://openalex.org/A5046359331
2024-03-20 20:50:09 Tirdad T Zangeneh https://openalex.org/A5076993071
