2024-03-20 20:50:10 Bujji B Ainapurapu https://openalex.org/A5039697878
2024-03-20 20:50:11 Joao Paulo Albuquerque Ferreira https://openalex.org/A5043376371
2024-03-20 20:50:13 Joseph S Alpert https://openalex.org/A5083966963
2024-03-20 20:50:13 Joseph S Alpert https://openalex.org/A5072421475
2024-03-20 20:50:15 Bhaskar Banerjee https://openalex.org/A5006354242
2024-03-20 20:50:16 Christian Bime https://openalex.org/A5045945076
2024-03-20 20:50:18 Frank Brosius https://openalex.org/A5003676386
2024-03-20 20:50:20 Daniel C Butler https://openalex.org/A5067778342
2024-03-20 20:50:21 Jennifer S Carew https://openalex.org/A5018391856
2024-03-20 20:50:23 Tara F Carr https://openalex.org/A5066690347
2024-03-20 20:50:23 Tara F Carr https://openalex.org/A5084840996
2024-03-20 20:50:25 Dawn K Coletta https://openalex.org/A5067688814
2024-03-20 20:50:25 Dawn K Coletta https://openalex.org/A5088455546
2024-03-20 20:50:26 Elizabeth Connick https://openalex.org/A5075442903
2024-03-20 20:50:28 Keliegh S Culpepper https://openalex.org/A5073443838
2024-03-20 20:50:29 Clara N Curiel https://openalex.org/A5013049371
2024-03-20 20:50:29 Clara N Curiel https://openalex.org/A5051542787
2024-03-20 20:50:31 Fariba Donovan https://openalex.org/A5088685593
2024-03-20 20:50:33 Mindy J Fain https://openalex.org/A5033477263
2024-03-20 20:50:34 Janet L Funk https://openalex.org/A5051357897
2024-03-20 20:50:35 John N Galgiani https://openalex.org/A5004070315
2024-03-20 20:50:36 Linda L Garland https://openalex.org/A5038842153
2024-03-20 20:50:38 Edward P Gelmann https://openalex.org/A5051729520
2024-03-20 20:50:39 Julia H Indik https://openalex.org/A5028475616
2024-03-20 20:50:39 Julia H Indik https://openalex.org/A5014145832
2024-03-20 20:50:41 Stephen A Klotz https://openalex.org/A5074660848
2024-03-20 20:50:42 James L Knepler https://openalex.org/A5013130818
2024-03-20 20:50:43 Vivian Akrive Kominos 
2024-03-20 20:50:43 C. Kent Kwoh https://openalex.org/A5002622252
2024-03-20 20:50:43 C. Kent Kwoh https://openalex.org/A5040967883
2024-03-20 20:50:43 C. Kent Kwoh https://openalex.org/A5066562870
2024-03-20 20:50:43 C. Kent Kwoh https://openalex.org/A5037215582
2024-03-20 20:50:43 C. Kent Kwoh https://openalex.org/A5036679809
2024-03-20 20:50:45 Paul R Langlais https://openalex.org/A5014904840
2024-03-20 20:50:46 Xingnan Li https://openalex.org/A5060041080
2024-03-20 20:50:48 James Kuang-Jan Liao 
2024-03-20 20:50:48 Moulun Luo https://openalex.org/A5046813621
2024-03-20 20:50:50 Joshua Malo https://openalex.org/A5011892177
2024-03-20 20:50:51 Lawrence J Mandarino https://openalex.org/A5089720468
2024-03-20 20:50:52 Laura E Meinke https://openalex.org/A5034039983
2024-03-20 20:50:53 Juanita L Merchant https://openalex.org/A5042603101
2024-03-20 20:50:55 Steffan Nawrocki https://openalex.org/A5062792047
2024-03-20 20:50:57 Sairam Parthasarathy https://openalex.org/A5020095687
2024-03-20 20:50:59 Salma Imran Patel https://openalex.org/A5062299099
2024-03-20 20:51:01 Linda R Phillips https://openalex.org/A5014402169
2024-03-20 20:51:01 Franz Rischard https://openalex.org/A5067760662
2024-03-20 20:51:03 Saad Sammani https://openalex.org/A5087918435
2024-03-20 20:51:04 Rachna Shroff https://openalex.org/A5012936802
2024-03-20 20:51:07 Nikola Sladojevic 
2024-03-20 20:51:07 Marvin J Slepian https://openalex.org/A5070730048
2024-03-20 20:51:10 Jennifer H Stern https://openalex.org/A5036642928
2024-03-20 20:51:11 Amy N Sussman https://openalex.org/A5024974847
2024-03-20 20:51:12 Sasha Taleban https://openalex.org/A5001564898
2024-03-20 20:51:14 Bekir Tanriover https://openalex.org/A5016874418
2024-03-20 20:51:15 Tejo K Vemulapalli 
2024-03-20 20:51:15 Wayne Tyrus Willis https://openalex.org/A5046359331
2024-03-20 20:51:16 Tirdad T Zangeneh https://openalex.org/A5076993071
