2024-02-14 22:10:13 Gebran Abboud : Skipping due to NULL author_id

2024-02-14 22:10:15 Depak Acharya : Skipping due to NULL author_id

2024-02-14 22:10:18 Ahmad M A Al-Khashman : Skipping due to NULL author_id

2024-02-14 22:10:24 Aurangzaib Baig : Skipping due to NULL author_id

2024-02-14 22:10:24 Amanpreet Bains : Skipping due to NULL author_id

2024-02-14 22:10:33 Joy Bulger Beck : Skipping due to NULL author_id

2024-02-14 22:10:40 Satypriya Chaudhary : Skipping due to NULL author_id

2024-02-14 22:10:42 Zachary Chun : Skipping due to NULL author_id

2024-02-14 22:10:46 Soham Dave : Skipping due to NULL author_id

2024-02-14 22:10:46 Abhinav Dhakal : Skipping due to NULL author_id

2024-02-14 22:10:51 Tammer Yehia Elaini : Skipping due to NULL author_id

2024-02-14 22:10:55 Darius Filsoof : Skipping due to NULL author_id

2024-02-14 22:10:55 Kendal Flo Flegenheimer : Skipping due to NULL author_id

2024-02-14 22:10:59 Elvira Gonzalez negrete : Skipping due to NULL author_id

2024-02-14 22:11:01 Jared Head : Skipping due to NULL author_id

2024-02-14 22:11:03 Monica Hinestroza-Jordan : Skipping due to NULL author_id

2024-02-14 22:11:04 Audriana Nicole Hurbon : Skipping due to NULL author_id

2024-02-14 22:11:09 Khalid Ibrahim : Skipping due to NULL author_id

2024-02-14 22:11:17 Christopher Brian Johnson : Skipping due to NULL author_id

2024-02-14 22:11:20 Saher Khalid : Skipping due to NULL author_id

2024-02-14 22:11:20 Nabin Khatiwada : Skipping due to NULL author_id

2024-02-14 22:11:21 Robert Kim : Skipping due to NULL author_id

2024-02-14 22:11:21 Ravi Kiran Vuthoori : Skipping due to NULL author_id

2024-02-14 22:11:21 Amy Klein : Skipping due to NULL author_id

2024-02-14 22:11:30 Dylan Lee : Skipping due to NULL author_id

2024-02-14 22:11:31 Haripriya Maddur : Skipping due to NULL author_id

2024-02-14 22:11:34 Saif Arsan Mashaqi : Skipping due to NULL author_id

2024-02-14 22:11:34 Josh Melson : Skipping due to NULL author_id

2024-02-14 22:11:35 David Carpenter Miller : Skipping due to NULL author_id

2024-02-14 22:11:35 Artur Mirzabekian : Skipping due to NULL author_id

2024-02-14 22:11:36 Alex Mulmi : Skipping due to NULL author_id

2024-02-14 22:11:39 Rahmi Naseef : Skipping due to NULL author_id

2024-02-14 22:11:41 Nora Odisho Domit : Skipping due to NULL author_id

2024-02-14 22:11:41 Christine Oropez : Skipping due to NULL author_id

2024-02-14 22:11:43 Karen Parker : Skipping due to NULL author_id

2024-02-14 22:11:50 JR Exequiel Pineda : Skipping due to NULL author_id

2024-02-14 22:11:50 Jenny Plitt : Skipping due to NULL author_id

2024-02-14 22:11:50 Bupesh Pokhrel : Skipping due to NULL author_id

2024-02-14 22:11:52 Ali Raoof : Skipping due to NULL author_id

2024-02-14 22:11:55 Dave Reyes : Skipping due to NULL author_id

2024-02-14 22:12:05 Muha Jawad Sethi : Skipping due to NULL author_id

2024-02-14 22:12:07 Nasreen Shaikh : Skipping due to NULL author_id

2024-02-14 22:12:07 Madhan Shanmusgasundaram : Skipping due to NULL author_id

2024-02-14 22:12:10 Aimee Shock : Skipping due to NULL author_id

2024-02-14 22:12:11 Ivan Sierra : Skipping due to NULL author_id

2024-02-14 22:12:20 Akash Taggarse : Skipping due to NULL author_id

2024-02-14 22:12:26 Golnez Vahdani : Skipping due to NULL author_id

2024-02-14 22:12:29 Gerald Wolff : Skipping due to NULL author_id

2024-02-14 22:12:31 Tiffany Ynosensio : Skipping due to NULL author_id

