2024-02-07 22:14:30 Gebran Abboud : Skipping due to NULL author_id

2024-02-07 22:14:32 Depak Acharya : Skipping due to NULL author_id

2024-02-07 22:14:35 Ahmad M A Al-Khashman : Skipping due to NULL author_id

2024-02-07 22:14:37 Alvaro Altamirano Ufion : Skipping due to NULL author_id

2024-02-07 22:14:43 Aurangzaib Baig : Skipping due to NULL author_id

2024-02-07 22:14:43 Amanpreet Bains : Skipping due to NULL author_id

2024-02-07 22:14:52 Joy Bulger Beck : Skipping due to NULL author_id

2024-02-07 22:14:59 Satypriya Chaudhary : Skipping due to NULL author_id

2024-02-07 22:15:00 Zachary Chun : Skipping due to NULL author_id

2024-02-07 22:15:04 Soham Dave : Skipping due to NULL author_id

2024-02-07 22:15:04 Abhinav Dhakal : Skipping due to NULL author_id

2024-02-07 22:15:07 Tammer Yehia Elaini : Skipping due to NULL author_id

2024-02-07 22:15:13 Darius Filsoof : Skipping due to NULL author_id

2024-02-07 22:15:13 Kendal Flo Flegenheimer : Skipping due to NULL author_id

2024-02-07 22:15:15 Elvira Gonzalez negrete : Skipping due to NULL author_id

2024-02-07 22:15:18 Jared Head : Skipping due to NULL author_id

2024-02-07 22:15:19 Monica Hinestroza-Jordan : Skipping due to NULL author_id

2024-02-07 22:15:20 Audriana Nicole Hurbon : Skipping due to NULL author_id

2024-02-07 22:15:25 Khalid Ibrahim : Skipping due to NULL author_id

2024-02-07 22:15:32 Christopher Brian Johnson : Skipping due to NULL author_id

2024-02-07 22:15:34 Saher Khalid : Skipping due to NULL author_id

2024-02-07 22:15:34 Nabin Khatiwada : Skipping due to NULL author_id

2024-02-07 22:15:35 Robert Kim : Skipping due to NULL author_id

2024-02-07 22:15:35 Ravi Kiran Vuthoori : Skipping due to NULL author_id

2024-02-07 22:15:35 Amy Klein : Skipping due to NULL author_id

2024-02-07 22:15:43 Dylan Lee : Skipping due to NULL author_id

2024-02-07 22:15:43 Haripriya Maddur : Skipping due to NULL author_id

2024-02-07 22:15:46 Saif Arsan Mashaqi : Skipping due to NULL author_id

2024-02-07 22:15:46 Josh Melson : Skipping due to NULL author_id

2024-02-07 22:15:47 David Carpenter Miller : Skipping due to NULL author_id

2024-02-07 22:15:47 Artur Mirzabekian : Skipping due to NULL author_id

2024-02-07 22:15:48 Alex Mulmi : Skipping due to NULL author_id

2024-02-07 22:15:50 Rahmi Naseef : Skipping due to NULL author_id

2024-02-07 22:15:53 Nora Odisho Domit : Skipping due to NULL author_id

2024-02-07 22:15:53 Christine Oropez : Skipping due to NULL author_id

2024-02-07 22:15:55 Karen Parker : Skipping due to NULL author_id

2024-02-07 22:16:01 JR Exequiel Pineda : Skipping due to NULL author_id

2024-02-07 22:16:01 Jenny Plitt : Skipping due to NULL author_id

2024-02-07 22:16:01 Bupesh Pokhrel : Skipping due to NULL author_id

2024-02-07 22:16:05 Ali Raoof : Skipping due to NULL author_id

2024-02-07 22:16:06 Dave Reyes : Skipping due to NULL author_id

2024-02-07 22:16:15 Muha Jawad Sethi : Skipping due to NULL author_id

2024-02-07 22:16:17 Nasreen Shaikh : Skipping due to NULL author_id

2024-02-07 22:16:17 Madhan Shanmusgasundaram : Skipping due to NULL author_id

2024-02-07 22:16:21 Aimee Shock : Skipping due to NULL author_id

2024-02-07 22:16:22 Ivan Sierra : Skipping due to NULL author_id

2024-02-07 22:16:32 Akash Taggarse : Skipping due to NULL author_id

2024-02-07 22:16:38 Golnez Vahdani : Skipping due to NULL author_id

2024-02-07 22:16:41 Gerald Wolff : Skipping due to NULL author_id

2024-02-07 22:16:42 Tiffany Ynosensio : Skipping due to NULL author_id

2024-02-09 18:56:52 Gebran Abboud : Skipping due to NULL author_id

2024-02-09 18:56:53 Depak Acharya : Skipping due to NULL author_id

2024-02-09 18:56:56 Ahmad M A Al-Khashman : Skipping due to NULL author_id

2024-02-09 18:56:58 Alvaro Altamirano Ufion : Skipping due to NULL author_id

2024-02-09 18:57:03 Aurangzaib Baig : Skipping due to NULL author_id

2024-02-09 18:57:03 Amanpreet Bains : Skipping due to NULL author_id

2024-02-09 18:57:11 Joy Bulger Beck : Skipping due to NULL author_id

2024-02-09 18:57:17 Satypriya Chaudhary : Skipping due to NULL author_id

2024-02-09 18:57:18 Zachary Chun : Skipping due to NULL author_id

2024-02-09 18:57:22 Soham Dave : Skipping due to NULL author_id

2024-02-09 18:57:22 Abhinav Dhakal : Skipping due to NULL author_id

2024-02-09 18:57:24 Tammer Yehia Elaini : Skipping due to NULL author_id

2024-02-09 18:57:29 Darius Filsoof : Skipping due to NULL author_id

2024-02-09 18:57:29 Kendal Flo Flegenheimer : Skipping due to NULL author_id

2024-02-09 18:57:31 Elvira Gonzalez negrete : Skipping due to NULL author_id

2024-02-09 18:57:34 Jared Head : Skipping due to NULL author_id

2024-02-09 18:57:35 Monica Hinestroza-Jordan : Skipping due to NULL author_id

2024-02-09 18:57:36 Audriana Nicole Hurbon : Skipping due to NULL author_id

2024-02-09 18:57:40 Khalid Ibrahim : Skipping due to NULL author_id

2024-02-09 18:57:45 Christopher Brian Johnson : Skipping due to NULL author_id

2024-02-09 18:57:48 Saher Khalid : Skipping due to NULL author_id

2024-02-09 18:57:48 Nabin Khatiwada : Skipping due to NULL author_id

2024-02-09 18:57:49 Robert Kim : Skipping due to NULL author_id

2024-02-09 18:57:49 Ravi Kiran Vuthoori : Skipping due to NULL author_id

2024-02-09 18:57:49 Amy Klein : Skipping due to NULL author_id

2024-02-09 18:57:56 Dylan Lee : Skipping due to NULL author_id

2024-02-09 18:57:57 Haripriya Maddur : Skipping due to NULL author_id

2024-02-09 18:57:59 Saif Arsan Mashaqi : Skipping due to NULL author_id

2024-02-09 18:57:59 Josh Melson : Skipping due to NULL author_id

2024-02-09 18:57:59 David Carpenter Miller : Skipping due to NULL author_id

2024-02-09 18:57:59 Artur Mirzabekian : Skipping due to NULL author_id

2024-02-09 18:58:00 Alex Mulmi : Skipping due to NULL author_id

2024-02-09 18:58:03 Rahmi Naseef : Skipping due to NULL author_id

2024-02-09 18:58:05 Nora Odisho Domit : Skipping due to NULL author_id

2024-02-09 18:58:05 Christine Oropez : Skipping due to NULL author_id

2024-02-09 18:58:06 Karen Parker : Skipping due to NULL author_id

2024-02-09 18:58:11 JR Exequiel Pineda : Skipping due to NULL author_id

2024-02-09 18:58:11 Jenny Plitt : Skipping due to NULL author_id

2024-02-09 18:58:11 Bupesh Pokhrel : Skipping due to NULL author_id

2024-02-09 18:58:15 Ali Raoof : Skipping due to NULL author_id

2024-02-09 18:58:17 Dave Reyes : Skipping due to NULL author_id

2024-02-09 18:58:24 Muha Jawad Sethi : Skipping due to NULL author_id

2024-02-09 18:58:26 Nasreen Shaikh : Skipping due to NULL author_id

2024-02-09 18:58:26 Madhan Shanmusgasundaram : Skipping due to NULL author_id

2024-02-09 18:58:29 Aimee Shock : Skipping due to NULL author_id

2024-02-09 18:58:30 Ivan Sierra : Skipping due to NULL author_id

2024-02-09 18:58:39 Akash Taggarse : Skipping due to NULL author_id

2024-02-09 18:58:45 Golnez Vahdani : Skipping due to NULL author_id

2024-02-09 18:58:47 Gerald Wolff : Skipping due to NULL author_id

2024-02-09 18:58:49 Tiffany Ynosensio : Skipping due to NULL author_id

