2024-02-11 07:46:01 Author result affiliation:
structure(list(id = "https://openalex.org/A5019422724", display_name = "Lise Alschuler", 
    display_name_alternatives = list(c("Lise N. Alschuler", "Lise Alschuler", 
    "L. Alschuler")), relevance_score = 1990.2379, ids = list(
        c(openalex = "https://openalex.org/A5019422724")), orcid = NA_character_, 
    works_count = 24L, cited_by_count = 82L, counts_by_year = list(
        structure(list(year = c(2024L, 2023L, 2022L, 2021L, 2020L, 
        2019L, 2018L, 2015L, 2014L, 2013L, 2012L), works_count = c(0L, 
        0L, 3L, 0L, 5L, 0L, 1L, 2L, 2L, 3L, 1L), cited_by_count = c(2L, 
        23L, 41L, 54L, 27L, 2L, 1L, 2L, 0L, 2L, 0L)), class = "data.frame", row.names = c(NA, 
        -11L))), affiliation_display_name = "Integrative Medicine Institute", 
    affiliation_id = "https://openalex.org/I4210131835", affiliation_ror = "https://ror.org/03b6kz105", 
    affiliation_country_code = "US", affiliation_type = "nonprofit", 
    affiliation_lineage = list("https://openalex.org/I4210131835"), 
    affiliations_other = list(c("https://openalex.org/I138006243", 
    "https://openalex.org/I4210124125", "https://openalex.org/I4210166612", 
    "https://openalex.org/I179638627")), x_concepts = list(structure(list(
        id = c("https://openalex.org/C71924100", "https://openalex.org/C86803240", 
        "https://openalex.org/C126322002", "https://openalex.org/C142724271", 
        "https://openalex.org/C54355233", "https://openalex.org/C121608353", 
        "https://openalex.org/C143998085", "https://openalex.org/C204787440", 
        "https://openalex.org/C556039675", "https://openalex.org/C141071460"
        ), wikidata = c("https://www.wikidata.org/wiki/Q11190", 
        "https://www.wikidata.org/wiki/Q420", "https://www.wikidata.org/wiki/Q11180", 
        "https://www.wikidata.org/wiki/Q7208", "https://www.wikidata.org/wiki/Q7162", 
        "https://www.wikidata.org/wiki/Q12078", "https://www.wikidata.org/wiki/Q162555", 
        "https://www.wikidata.org/wiki/Q188504", "https://www.wikidata.org/wiki/Q771035", 
        "https://www.wikidata.org/wiki/Q40821"), display_name = c("Medicine", 
        "Biology", "Internal medicine", "Pathology", "Genetics", 
        "Cancer", "Oncology", "Alternative medicine", "Traditional medicine", 
        "Surgery"), level = c(0L, 0L, 1L, 1L, 1L, 2L, 1L, 2L, 
        1L, 1L), score = c(70.8, 66.7, 54.2, 50, 45.8, 33.3, 
        33.3, 29.2, 25, 20.8)), class = "data.frame", row.names = c(NA, 
    -10L))), works_api_url = "https://api.openalex.org/works?filter=author.id:A5019422724"), row.names = c(NA, 
-1L), class = c("tbl_df", "tbl", "data.frame"))
2024-02-11 07:46:02 Author result affiliation:
structure(list(id = "https://openalex.org/A5084468343", display_name = "Ann Marie Chiasson", 
    display_name_alternatives = list(c("A Chiasson", "Ann Marie Chiasson", 
    "Ann M. Chiasson")), relevance_score = 2205.7288, ids = list(
        c(openalex = "https://openalex.org/A5084468343", orcid = "https://orcid.org/0000-0002-8826-0370"
        )), orcid = "https://orcid.org/0000-0002-8826-0370", 
    works_count = 17L, cited_by_count = 107L, counts_by_year = list(
        structure(list(year = 2024:2013, works_count = c(0L, 
        1L, 1L, 1L, 2L, 2L, 1L, 0L, 1L, 1L, 0L, 1L), cited_by_count = c(3L, 
        26L, 42L, 56L, 30L, 1L, 1L, 1L, 1L, 4L, 1L, 0L)), class = "data.frame", row.names = c(NA, 
        -12L))), affiliation_display_name = "University of Arizona", 
    affiliation_id = "https://openalex.org/I138006243", affiliation_ror = "https://ror.org/03m2x1q45", 
    affiliation_country_code = "US", affiliation_type = "education", 
    affiliation_lineage = "https://openalex.org/I138006243, https://openalex.org/I3132585960", 
    affiliations_other = list(c("https://openalex.org/I4210131835", 
    "https://openalex.org/I4210115081", "https://openalex.org/I4210103688"
    )), x_concepts = list(structure(list(id = c("https://openalex.org/C71924100", 
    "https://openalex.org/C86803240", "https://openalex.org/C126322002", 
    "https://openalex.org/C15744967", "https://openalex.org/C1862650", 
    "https://openalex.org/C118552586", "https://openalex.org/C142724271", 
    "https://openalex.org/C54355233", "https://openalex.org/C177713679", 
    "https://openalex.org/C42219234", "https://openalex.org/C33923547", 
    "https://openalex.org/C41008148", "https://openalex.org/C105795698", 
    "https://openalex.org/C121332964", "https://openalex.org/C126838900", 
    "https://openalex.org/C141071460", "https://openalex.org/C144024400", 
    "https://openalex.org/C159110408", "https://openalex.org/C169760540"
    ), wikidata = c("https://www.wikidata.org/wiki/Q11190", "https://www.wikidata.org/wiki/Q420", 
    "https://www.wikidata.org/wiki/Q11180", "https://www.wikidata.org/wiki/Q9418", 
    "https://www.wikidata.org/wiki/Q186005", "https://www.wikidata.org/wiki/Q7867", 
    "https://www.wikidata.org/wiki/Q7208", "https://www.wikidata.org/wiki/Q7162", 
    "https://www.wikidata.org/wiki/Q679690", "https://www.wikidata.org/wiki/Q131130", 
    "https://www.wikidata.org/wiki/Q395", "https://www.wikidata.org/wiki/Q21198", 
    "https://www.wikidata.org/wiki/Q12483", "https://www.wikidata.org/wiki/Q413", 
    "https://www.wikidata.org/wiki/Q77604", "https://www.wikidata.org/wiki/Q40821", 
    "https://www.wikidata.org/wiki/Q21201", "https://www.wikidata.org/wiki/Q121176", 
    "https://www.wikidata.org/wiki/Q207011"), display_name = c("Medicine", 
    "Biology", "Internal medicine", "Psychology", "Physical therapy", 
    "Psychiatry", "Pathology", "Genetics", "Intensive care medicine", 
    "Anesthesia", "Mathematics", "Computer science", "Statistics", 
    "Physics", "Radiology", "Surgery", "Sociology", "Nursing", 
    "Neuroscience"), level = c(0L, 0L, 1L, 0L, 1L, 1L, 1L, 1L, 
    1L, 1L, 0L, 0L, 1L, 0L, 1L, 1L, 0L, 1L, 1L), score = c(105.9, 
    70.6, 58.8, 52.9, 47.1, 47.1, 47.1, 35.3, 35.3, 29.4, 23.5, 
    23.5, 23.5, 23.5, 23.5, 23.5, 23.5, 23.5, 23.5)), class = "data.frame", row.names = c(NA, 
    -19L))), works_api_url = "https://api.openalex.org/works?filter=author.id:A5084468343"), row.names = c(NA, 
-1L), class = c("tbl_df", "tbl", "data.frame"))
2024-02-11 07:46:03 Author result affiliation:
structure(list(id = "https://openalex.org/A5033747542", display_name = "Robert Crocker", 
    display_name_alternatives = list(c("Robert L. Crocker", "R. Crocker", 
    "R. W. Crocker", "Robert Langdon Crocker", "R. L. Crocker", 
    "Robert Crocker", "Robert W. Crocker")), relevance_score = 5925.283, 
    ids = list(c(openalex = "https://openalex.org/A5033747542")), 
    orcid = NA, works_count = 163L, cited_by_count = 2164L, counts_by_year = list(
        structure(list(year = 2024:2012, works_count = c(0L, 
        1L, 7L, 4L, 3L, 3L, 1L, 28L, 5L, 1L, 3L, 12L, 2L), cited_by_count = c(9L, 
        79L, 81L, 105L, 95L, 54L, 45L, 65L, 54L, 73L, 50L, 40L, 
        67L)), class = "data.frame", row.names = c(NA, -13L))), 
    affiliation_display_name = "Sandia National Laboratories", 
    affiliation_id = "https://openalex.org/I4210104735", affiliation_ror = "https://ror.org/01apwpt12", 
    affiliation_country_code = "US", affiliation_type = "facility", 
    affiliation_lineage = "https://openalex.org/I198811213, https://openalex.org/I4210104735", 
    affiliations_other = list(c("https://openalex.org/I192454743", 
    "https://openalex.org/I138006243", "https://openalex.org/I4210131835", 
    "https://openalex.org/I129604602", "https://openalex.org/I368840534", 
    "https://openalex.org/I91045830", "https://openalex.org/I4210161824", 
    "https://openalex.org/I2802948906", "https://openalex.org/I82497590"
    )), x_concepts = list(structure(list(id = c("https://openalex.org/C86803240", 
    "https://openalex.org/C18903297", "https://openalex.org/C205649164", 
    "https://openalex.org/C41008148", "https://openalex.org/C185592680", 
    "https://openalex.org/C127413603", "https://openalex.org/C121332964", 
    "https://openalex.org/C59822182", "https://openalex.org/C127313418", 
    "https://openalex.org/C95457728", "https://openalex.org/C178790620", 
    "https://openalex.org/C192562407", "https://openalex.org/C71924100", 
    "https://openalex.org/C166957645"), wikidata = c("https://www.wikidata.org/wiki/Q420", 
    "https://www.wikidata.org/wiki/Q7150", "https://www.wikidata.org/wiki/Q1071", 
    "https://www.wikidata.org/wiki/Q21198", "https://www.wikidata.org/wiki/Q2329", 
    "https://www.wikidata.org/wiki/Q11023", "https://www.wikidata.org/wiki/Q413", 
    "https://www.wikidata.org/wiki/Q441", "https://www.wikidata.org/wiki/Q1069", 
    "https://www.wikidata.org/wiki/Q309", "https://www.wikidata.org/wiki/Q11351", 
    "https://www.wikidata.org/wiki/Q228736", "https://www.wikidata.org/wiki/Q11190", 
    "https://www.wikidata.org/wiki/Q23498"), display_name = c("Biology", 
    "Ecology", "Geography", "Computer science", "Chemistry", 
    "Engineering", "Physics", "Botany", "Geology", "History", 
    "Organic chemistry", "Materials science", "Medicine", "Archaeology"
    ), level = c(0L, 1L, 0L, 0L, 0L, 0L, 0L, 1L, 0L, 0L, 1L, 
    0L, 0L, 1L), score = c(61.3, 40.5, 37.4, 36.2, 35.6, 33.1, 
    31.3, 28.8, 28.8, 26.4, 25.8, 25.2, 22.7, 22.7)), class = "data.frame", row.names = c(NA, 
    -14L))), works_api_url = "https://api.openalex.org/works?filter=author.id:A5033747542"), row.names = c(NA, 
-1L), class = c("tbl_df", "tbl", "data.frame"))
2024-02-11 07:46:04 Author result affiliation:
structure(list(id = "https://openalex.org/A5007947694", display_name = "Randy Horwitz", 
    display_name_alternatives = list(c("R.J. Horwitz", "Randy J. Horwitz", 
    "R. Horwitz", "Randy Horwitz")), relevance_score = 2988.163, 
    ids = list(c(openalex = "https://openalex.org/A5007947694")), 
    orcid = NA, works_count = 43L, cited_by_count = 424L, counts_by_year = list(
        structure(list(year = 2024:2012, works_count = c(0L, 
        0L, 2L, 3L, 2L, 1L, 2L, 3L, 0L, 1L, 2L, 3L, 2L), cited_by_count = c(2L, 
        40L, 51L, 67L, 51L, 16L, 8L, 11L, 7L, 11L, 4L, 7L, 8L
        )), class = "data.frame", row.names = c(NA, -13L))), 
    affiliation_display_name = "University of Arizona", affiliation_id = "https://openalex.org/I138006243", 
    affiliation_ror = "https://ror.org/03m2x1q45", affiliation_country_code = "US", 
    affiliation_type = "education", affiliation_lineage = "https://openalex.org/I138006243, https://openalex.org/I3132585960", 
    affiliations_other = list(c("https://openalex.org/I4210131835", 
    "https://openalex.org/I1281027232", "https://openalex.org/I2799905417", 
    "https://openalex.org/I135310074", "https://openalex.org/I4210087962", 
    "https://openalex.org/I33213144")), x_concepts = list(structure(list(
        id = c("https://openalex.org/C71924100", "https://openalex.org/C86803240", 
        "https://openalex.org/C126322002", "https://openalex.org/C142724271", 
        "https://openalex.org/C203014093", "https://openalex.org/C15744967", 
        "https://openalex.org/C17744445", "https://openalex.org/C199539241", 
        "https://openalex.org/C204787440", "https://openalex.org/C118552586", 
        "https://openalex.org/C177713679", "https://openalex.org/C2776042228", 
        "https://openalex.org/C159110408", "https://openalex.org/C2779134260", 
        "https://openalex.org/C55493867", "https://openalex.org/C185592680", 
        "https://openalex.org/C512399662", "https://openalex.org/C2778587949"
        ), wikidata = c("https://www.wikidata.org/wiki/Q11190", 
        "https://www.wikidata.org/wiki/Q420", "https://www.wikidata.org/wiki/Q11180", 
        "https://www.wikidata.org/wiki/Q7208", "https://www.wikidata.org/wiki/Q101929", 
        "https://www.wikidata.org/wiki/Q9418", "https://www.wikidata.org/wiki/Q36442", 
        "https://www.wikidata.org/wiki/Q7748", "https://www.wikidata.org/wiki/Q188504", 
        "https://www.wikidata.org/wiki/Q7867", "https://www.wikidata.org/wiki/Q679690", 
        "https://www.wikidata.org/wiki/Q35869", "https://www.wikidata.org/wiki/Q121176", 
        "https://www.wikidata.org/wiki/Q12136", "https://www.wikidata.org/wiki/Q7094", 
        "https://www.wikidata.org/wiki/Q2329", "https://www.wikidata.org/wiki/Q3505712", 
        "https://www.wikidata.org/wiki/Q188504"), display_name = c("Medicine", 
        "Biology", "Internal medicine", "Pathology", "Immunology", 
        "Psychology", "Political science", "Law", "Alternative medicine", 
        "Psychiatry", "Intensive care medicine", "Asthma", "Nursing", 
        "Disease", "Biochemistry", "Chemistry", "Family medicine", 
        "Integrative medicine"), level = c(0L, 0L, 1L, 1L, 1L, 
        0L, 0L, 1L, 2L, 1L, 1L, 2L, 1L, 2L, 1L, 0L, 1L, 3L), 
        score = c(81.4, 67.4, 48.8, 44.2, 44.2, 32.6, 32.6, 27.9, 
        27.9, 25.6, 25.6, 25.6, 23.3, 23.3, 20.9, 20.9, 20.9, 
        20.9)), class = "data.frame", row.names = c(NA, -18L))), 
    works_api_url = "https://api.openalex.org/works?filter=author.id:A5007947694"), row.names = c(NA, 
-1L), class = c("tbl_df", "tbl", "data.frame"))
2024-02-11 07:46:04 Author result affiliation:
structure(list(id = "https://openalex.org/A5057099910", display_name = "Victoria Maizes", 
    display_name_alternatives = list(c("Victoria H. Maizes", 
    "V. Maizes", "Victoria Maizes")), relevance_score = 7087.9893, 
    ids = list(c(openalex = "https://openalex.org/A5057099910")), 
    orcid = NA, works_count = 86L, cited_by_count = 1442L, counts_by_year = list(
        structure(list(year = 2024:2012, works_count = c(0L, 
        0L, 3L, 5L, 5L, 2L, 6L, 3L, 2L, 10L, 5L, 5L, 6L), cited_by_count = c(13L, 
        136L, 159L, 190L, 130L, 133L, 116L, 118L, 112L, 264L, 
        158L, 110L, 133L)), class = "data.frame", row.names = c(NA, 
        -13L))), affiliation_display_name = "University of Arizona", 
    affiliation_id = "https://openalex.org/I138006243", affiliation_ror = "https://ror.org/03m2x1q45", 
    affiliation_country_code = "US", affiliation_type = "education", 
    affiliation_lineage = "https://openalex.org/I138006243, https://openalex.org/I3132585960", 
    affiliations_other = list(c("https://openalex.org/I4210131835", 
    "https://openalex.org/I76835614", "https://openalex.org/I4210124306", 
    "https://openalex.org/I4210123774", "https://openalex.org/I4210100046"
    )), x_concepts = list(structure(list(id = c("https://openalex.org/C71924100", 
    "https://openalex.org/C15744967", "https://openalex.org/C17744445", 
    "https://openalex.org/C199539241", "https://openalex.org/C142724271", 
    "https://openalex.org/C162324750", "https://openalex.org/C50522688", 
    "https://openalex.org/C159110408", "https://openalex.org/C144024400", 
    "https://openalex.org/C204787440", "https://openalex.org/C86803240", 
    "https://openalex.org/C512399662", "https://openalex.org/C509550671", 
    "https://openalex.org/C41008148", "https://openalex.org/C160735492", 
    "https://openalex.org/C2778587949", "https://openalex.org/C118552586"
    ), wikidata = c("https://www.wikidata.org/wiki/Q11190", "https://www.wikidata.org/wiki/Q9418", 
    "https://www.wikidata.org/wiki/Q36442", "https://www.wikidata.org/wiki/Q7748", 
    "https://www.wikidata.org/wiki/Q7208", "https://www.wikidata.org/wiki/Q8134", 
    "https://www.wikidata.org/wiki/Q189833", "https://www.wikidata.org/wiki/Q121176", 
    "https://www.wikidata.org/wiki/Q21201", "https://www.wikidata.org/wiki/Q188504", 
    "https://www.wikidata.org/wiki/Q420", "https://www.wikidata.org/wiki/Q3505712", 
    "https://www.wikidata.org/wiki/Q126945", "https://www.wikidata.org/wiki/Q21198", 
    "https://www.wikidata.org/wiki/Q31207", "https://www.wikidata.org/wiki/Q188504", 
    "https://www.wikidata.org/wiki/Q7867"), display_name = c("Medicine", 
    "Psychology", "Political science", "Law", "Pathology", "Economics", 
    "Economic growth", "Nursing", "Sociology", "Alternative medicine", 
    "Biology", "Family medicine", "Medical education", "Computer science", 
    "Health care", "Integrative medicine", "Psychiatry"), level = c(0L, 
    0L, 0L, 1L, 1L, 0L, 1L, 1L, 0L, 2L, 0L, 1L, 1L, 0L, 2L, 3L, 
    1L), score = c(86, 65.1, 54.7, 52.3, 51.2, 50, 40.7, 38.4, 
    36, 36, 34.9, 34.9, 33.7, 30.2, 30.2, 29.1, 20.9)), class = "data.frame", row.names = c(NA, 
    -17L))), works_api_url = "https://api.openalex.org/works?filter=author.id:A5057099910"), row.names = c(NA, 
-1L), class = c("tbl_df", "tbl", "data.frame"))
2024-02-11 07:46:05 Author result affiliation:
structure(list(id = "https://openalex.org/A5078283465", display_name = "Esther M. Sternberg", 
    display_name_alternatives = list(c("E. M. Sternberg", "Esther Sternberg", 
    "Esther M. Sternberg", "E. Sternberg")), relevance_score = 19908.629, 
    ids = list(c(openalex = "https://openalex.org/A5078283465", 
    orcid = "https://orcid.org/0000-0001-5867-3556")), orcid = "https://orcid.org/0000-0001-5867-3556", 
    works_count = 289L, cited_by_count = 12855L, counts_by_year = list(
        structure(list(year = 2024:2012, works_count = c(10L, 
        3L, 2L, 3L, 1L, 5L, 6L, 3L, 4L, 5L, 4L, 5L, 4L), cited_by_count = c(109L, 
        855L, 916L, 932L, 900L, 787L, 702L, 722L, 768L, 786L, 
        711L, 793L, 785L)), class = "data.frame", row.names = c(NA, 
        -13L))), affiliation_display_name = "University of Arizona", 
    affiliation_id = "https://openalex.org/I138006243", affiliation_ror = "https://ror.org/03m2x1q45", 
    affiliation_country_code = "US", affiliation_type = "education", 
    affiliation_lineage = "https://openalex.org/I138006243, https://openalex.org/I3132585960", 
    affiliations_other = list(c("https://openalex.org/I4210131835", 
    "https://openalex.org/I4210096973", "https://openalex.org/I4210158500", 
    "https://openalex.org/I1299303238", "https://openalex.org/I4210104222", 
    "https://openalex.org/I1299022934", "https://openalex.org/I5388228", 
    "https://openalex.org/I4210134534", "https://openalex.org/I4210090567"
    )), x_concepts = list(structure(list(id = c("https://openalex.org/C71924100", 
    "https://openalex.org/C86803240", "https://openalex.org/C126322002", 
    "https://openalex.org/C54355233", "https://openalex.org/C15744967", 
    "https://openalex.org/C203014093", "https://openalex.org/C185592680", 
    "https://openalex.org/C134018914", "https://openalex.org/C55493867", 
    "https://openalex.org/C169760540", "https://openalex.org/C170493617", 
    "https://openalex.org/C142724271", "https://openalex.org/C8891405", 
    "https://openalex.org/C118552586", "https://openalex.org/C104317684", 
    "https://openalex.org/C41008148"), wikidata = c("https://www.wikidata.org/wiki/Q11190", 
    "https://www.wikidata.org/wiki/Q420", "https://www.wikidata.org/wiki/Q11180", 
    "https://www.wikidata.org/wiki/Q7162", "https://www.wikidata.org/wiki/Q9418", 
    "https://www.wikidata.org/wiki/Q101929", "https://www.wikidata.org/wiki/Q2329", 
    "https://www.wikidata.org/wiki/Q162606", "https://www.wikidata.org/wiki/Q7094", 
    "https://www.wikidata.org/wiki/Q207011", "https://www.wikidata.org/wiki/Q208467", 
    "https://www.wikidata.org/wiki/Q7208", "https://www.wikidata.org/wiki/Q1059", 
    "https://www.wikidata.org/wiki/Q7867", "https://www.wikidata.org/wiki/Q7187", 
    "https://www.wikidata.org/wiki/Q21198"), display_name = c("Medicine", 
    "Biology", "Internal medicine", "Genetics", "Psychology", 
    "Immunology", "Chemistry", "Endocrinology", "Biochemistry", 
    "Neuroscience", "Receptor", "Pathology", "Immune system", 
    "Psychiatry", "Gene", "Computer science"), level = c(0L, 
    0L, 1L, 1L, 0L, 1L, 0L, 1L, 1L, 1L, 2L, 1L, 2L, 1L, 2L, 0L
    ), score = c(91.7, 82.4, 70.6, 59.2, 58.8, 56.7, 53.3, 52.9, 
    49.5, 35.3, 29.8, 28.7, 27.3, 26.3, 23.5, 21.8)), class = "data.frame", row.names = c(NA, 
    -16L))), works_api_url = "https://api.openalex.org/works?filter=author.id:A5078283465"), row.names = c(NA, 
-1L), class = c("tbl_df", "tbl", "data.frame"))
2024-02-11 07:46:06 Author result affiliation:
structure(list(id = c("https://openalex.org/A5002820631", "https://openalex.org/A5022146223"
), display_name = c("Andrew Weil", "Weil Andrew T"), display_name_alternatives = list(
    c("A. T. Weil", "Andrew T. Weil", "Andrew Weil", "A. Weil"
    ), "Weil Andrew T"), relevance_score = c(6312.8843, 48.353783
), ids = list(c(openalex = "https://openalex.org/A5002820631", 
orcid = "https://orcid.org/0000-0002-0377-7822"), c(openalex = "https://openalex.org/A5022146223")), 
    orcid = c("https://orcid.org/0000-0002-0377-7822", NA), works_count = c(163L, 
    1L), cited_by_count = c(2410L, 0L), counts_by_year = list(
        structure(list(year = 2024:2012, works_count = c(0L, 
        0L, 3L, 4L, 4L, 3L, 6L, 3L, 0L, 3L, 3L, 0L, 5L), cited_by_count = c(7L, 
        100L, 118L, 156L, 107L, 97L, 73L, 71L, 83L, 155L, 122L, 
        72L, 123L)), class = "data.frame", row.names = c(NA, 
        -13L)), NA), affiliation_display_name = c("Vidant Medical Center", 
    "University of Arizona"), affiliation_id = c("https://openalex.org/I1341135885", 
    "https://openalex.org/I138006243"), affiliation_ror = c("https://ror.org/00bxj7497", 
    "https://ror.org/03m2x1q45"), affiliation_country_code = c("US", 
    "US"), affiliation_type = c("healthcare", "education"), affiliation_lineage = c("https://openalex.org/I1341135885, https://openalex.org/I2799567697", 
    "https://openalex.org/I138006243, https://openalex.org/I3132585960"
    ), affiliations_other = list(c("https://openalex.org/I138006243", 
    "https://openalex.org/I4210131835", "https://openalex.org/I186335123", 
    "https://openalex.org/I120506574", "https://openalex.org/I4210123774", 
    "https://openalex.org/I136199984", "https://openalex.org/I2801851002", 
    "https://openalex.org/I118347636", "https://openalex.org/I4210088091"
    ), character(0)), x_concepts = list(structure(list(id = c("https://openalex.org/C71924100", 
    "https://openalex.org/C86803240", "https://openalex.org/C15744967", 
    "https://openalex.org/C118552586", "https://openalex.org/C142724271", 
    "https://openalex.org/C41008148", "https://openalex.org/C98274493"
    ), wikidata = c("https://www.wikidata.org/wiki/Q11190", "https://www.wikidata.org/wiki/Q420", 
    "https://www.wikidata.org/wiki/Q9418", "https://www.wikidata.org/wiki/Q7867", 
    "https://www.wikidata.org/wiki/Q7208", "https://www.wikidata.org/wiki/Q21198", 
    "https://www.wikidata.org/wiki/Q128406"), display_name = c("Medicine", 
    "Biology", "Psychology", "Psychiatry", "Pathology", "Computer science", 
    "Pharmacology"), level = c(0L, 0L, 0L, 1L, 1L, 0L, 1L), score = c(69.3, 
    57.1, 52.1, 30.7, 23.9, 23.3, 20.2)), class = "data.frame", row.names = c(NA, 
    -7L)), structure(list(id = "https://openalex.org/C71924100", 
        wikidata = "https://www.wikidata.org/wiki/Q11190", display_name = "Medicine", 
        level = 0L, score = 100), class = "data.frame", row.names = c(NA, 
    -1L))), works_api_url = c("https://api.openalex.org/works?filter=author.id:A5002820631", 
    "https://api.openalex.org/works?filter=author.id:A5022146223"
    )), row.names = c(NA, -2L), class = c("tbl_df", "tbl", "data.frame"
))
