
***** get_dept_authors_names() calling search_author():  2024-04-01 18:11:52 Lauren Wittek  Author affiliation: University of Arizona 

get_dept_authors_names(): logfile NOT FOUND !!!

***** get_dept_authors_names() calling search_author():  2024-04-01 18:11:53 Angela Murrell  Author affiliation: University of Arizona 

get_dept_authors_names(): logfile NOT FOUND !!!

***** get_dept_authors_names() calling search_author():  2024-04-01 18:11:53 Janet Crum  Author affiliation: University of Arizona 

get_dept_authors_names(): logfile NOT FOUND !!!

***** get_dept_authors_names() calling search_author():  2024-04-01 18:11:54 Mary Slebodnik  Author affiliation: University of Arizona 

structure(list(id = "https://openalex.org/A5026174582", display_name = "Maribeth Slebodnik", 
    display_name_alternatives = list(c("M.B. Slebodnik", "Maribeth Slebodnik", 
    "Mary Slebodnik", "Mary B. Slebodnik", "Maribeth Slebodnik"
    )), relevance_score = 2999.5325, ids = list(c(openalex = "https://openalex.org/A5026174582", 
    orcid = "https://orcid.org/0000-0001-8297-691X", scopus = "http://www.scopus.com/inward/authorDetails.url?authorID=57188932536&partnerID=MN8TOARS"
    )), orcid = "https://orcid.org/0000-0001-8297-691X", works_count = 41L, 
    cited_by_count = 497L, counts_by_year = list(structure(list(
        year = 2024:2012, works_count = c(0L, 1L, 3L, 3L, 2L, 
        3L, 4L, 2L, 3L, 2L, 6L, 1L, 1L), cited_by_count = c(21L, 
        118L, 119L, 129L, 108L, 89L, 91L, 49L, 24L, 24L, 8L, 
        30L, 13L)), class = "data.frame", row.names = c(NA, -13L
    ))), affiliation_display_name = "University of Arizona", 
    affiliation_id = "https://openalex.org/I138006243", affiliation_ror = "https://ror.org/03m2x1q45", 
    affiliation_country_code = "US", affiliation_type = "education", 
    affiliation_lineage = "https://openalex.org/I138006243, https://openalex.org/I3132585960", 
    affiliations_other = list(c("https://openalex.org/I219193219", 
    "https://openalex.org/I859038795", "https://openalex.org/I117015748", 
    "https://openalex.org/I41639379", "https://openalex.org/I2801333002"
    )), x_concepts = list(structure(list(id = c("https://openalex.org/C17744445", 
    "https://openalex.org/C41008148", "https://openalex.org/C71924100", 
    "https://openalex.org/C199539241", "https://openalex.org/C15744967", 
    "https://openalex.org/C86803240", "https://openalex.org/C142724271", 
    "https://openalex.org/C144024400", "https://openalex.org/C136764020", 
    "https://openalex.org/C161191863", "https://openalex.org/C162324750", 
    "https://openalex.org/C50522688", "https://openalex.org/C126322002", 
    "https://openalex.org/C159110408", "https://openalex.org/C185592680", 
    "https://openalex.org/C19417346", "https://openalex.org/C55493867", 
    "https://openalex.org/C119883117", "https://openalex.org/C33923547", 
    "https://openalex.org/C127413603", "https://openalex.org/C2779473830"
    ), wikidata = c("https://www.wikidata.org/wiki/Q36442", "https://www.wikidata.org/wiki/Q21198", 
    "https://www.wikidata.org/wiki/Q11190", "https://www.wikidata.org/wiki/Q7748", 
    "https://www.wikidata.org/wiki/Q9418", "https://www.wikidata.org/wiki/Q420", 
    "https://www.wikidata.org/wiki/Q7208", "https://www.wikidata.org/wiki/Q21201", 
    "https://www.wikidata.org/wiki/Q466", "https://www.wikidata.org/wiki/Q199655", 
    "https://www.wikidata.org/wiki/Q8134", "https://www.wikidata.org/wiki/Q189833", 
    "https://www.wikidata.org/wiki/Q11180", "https://www.wikidata.org/wiki/Q121176", 
    "https://www.wikidata.org/wiki/Q2329", "https://www.wikidata.org/wiki/Q7922", 
    "https://www.wikidata.org/wiki/Q7094", "https://www.wikidata.org/wiki/Q679789", 
    "https://www.wikidata.org/wiki/Q395", "https://www.wikidata.org/wiki/Q11023", 
    "https://www.wikidata.org/wiki/Q1540899"), display_name = c("Political science", 
    "Computer science", "Medicine", "Law", "Psychology", "Biology", 
    "Pathology", "Sociology", "World Wide Web", "Library science", 
    "Economics", "Economic growth", "Internal medicine", "Nursing", 
    "Chemistry", "Pedagogy", "Biochemistry", "Information literacy", 
    "Mathematics", "Engineering", "MEDLINE"), level = c(0L, 0L, 
    0L, 1L, 0L, 0L, 1L, 0L, 1L, 1L, 0L, 1L, 1L, 1L, 0L, 1L, 1L, 
    2L, 0L, 0L, 2L), score = c(68.3, 61, 61, 61, 46.3, 43.9, 
    41.5, 39, 36.6, 36.6, 36.6, 31.7, 31.7, 31.7, 29.3, 26.8, 
    26.8, 26.8, 24.4, 22, 22)), class = "data.frame", row.names = c(NA, 
    -21L))), works_api_url = "https://api.openalex.org/works?filter=author.id:A5026174582"), row.names = c(NA, 
-1L), class = c("tbl_df", "tbl", "data.frame"))

***** get_dept_authors_names() calling search_author():  2024-04-01 18:11:55 Joseph Anaya  Author affiliation: University of Arizona 

get_dept_authors_names(): logfile NOT FOUND !!!

***** get_dept_authors_names() calling search_author():  2024-04-01 18:11:55 Jerry Flanary  Author affiliation: University of Arizona 

get_dept_authors_names(): logfile NOT FOUND !!!

***** get_dept_authors_names() calling search_author():  2024-04-01 18:11:56 Ahlam Saleh  Author affiliation: University of Arizona 

structure(list(id = "https://openalex.org/A5022138551", display_name = "Ahlam Saleh", 
    display_name_alternatives = list(c("A.A.M. Saleh", "Ahlam A. Saleh", 
    "A. Abdurahman Saleh", "A. A. Saleh", "Ahlam Saleh", "A Saleh", 
    "Ahlam Saleh")), relevance_score = 4997.8467, ids = list(
        c(openalex = "https://openalex.org/A5022138551", orcid = "https://orcid.org/0000-0002-3492-3140", 
        scopus = "http://www.scopus.com/inward/authorDetails.url?authorID=37081900900&partnerID=MN8TOARS"
        )), orcid = "https://orcid.org/0000-0002-3492-3140", 
    works_count = 112L, cited_by_count = 838L, counts_by_year = list(
        structure(list(year = 2024:2012, works_count = c(1L, 
        2L, 3L, 3L, 47L, 2L, 3L, 3L, 4L, 22L, 18L, 3L, 2L), cited_by_count = c(32L, 
        129L, 117L, 110L, 110L, 104L, 59L, 69L, 46L, 31L, 20L, 
        11L, 7L)), class = "data.frame", row.names = c(NA, -13L
        ))), affiliation_display_name = "University of Arizona", 
    affiliation_id = "https://openalex.org/I138006243", affiliation_ror = "https://ror.org/03m2x1q45", 
    affiliation_country_code = "US", affiliation_type = "education", 
    affiliation_lineage = list("https://openalex.org/I138006243, https://openalex.org/I3132585960"), 
    affiliations_other = list(c("https://openalex.org/I41639379", 
    "https://openalex.org/I91044093", "https://openalex.org/I4210121505", 
    "https://openalex.org/I170201317")), x_concepts = list(structure(list(
        id = c("https://openalex.org/C41008148", "https://openalex.org/C71924100", 
        "https://openalex.org/C17744445", "https://openalex.org/C136764020", 
        "https://openalex.org/C15744967", "https://openalex.org/C199539241", 
        "https://openalex.org/C86803240", "https://openalex.org/C142724271", 
        "https://openalex.org/C161191863", "https://openalex.org/C509550671", 
        "https://openalex.org/C162324750", "https://openalex.org/C126322002", 
        "https://openalex.org/C185592680"), wikidata = c("https://www.wikidata.org/wiki/Q21198", 
        "https://www.wikidata.org/wiki/Q11190", "https://www.wikidata.org/wiki/Q36442", 
        "https://www.wikidata.org/wiki/Q466", "https://www.wikidata.org/wiki/Q9418", 
        "https://www.wikidata.org/wiki/Q7748", "https://www.wikidata.org/wiki/Q420", 
        "https://www.wikidata.org/wiki/Q7208", "https://www.wikidata.org/wiki/Q199655", 
        "https://www.wikidata.org/wiki/Q126945", "https://www.wikidata.org/wiki/Q8134", 
        "https://www.wikidata.org/wiki/Q11180", "https://www.wikidata.org/wiki/Q2329"
        ), display_name = c("Computer science", "Medicine", "Political science", 
        "World Wide Web", "Psychology", "Law", "Biology", "Pathology", 
        "Library science", "Medical education", "Economics", 
        "Internal medicine", "Chemistry"), level = c(0L, 0L, 
        0L, 1L, 0L, 1L, 0L, 1L, 1L, 1L, 0L, 1L, 0L), score = c(71.4, 
        62.5, 42.9, 37.5, 32.1, 31.3, 30.4, 25, 22.3, 22.3, 21.4, 
        20.5, 20.5)), class = "data.frame", row.names = c(NA, 
    -13L))), works_api_url = "https://api.openalex.org/works?filter=author.id:A5022138551"), row.names = c(NA, 
-1L), class = c("tbl_df", "tbl", "data.frame"))

***** get_dept_authors_names() calling search_author():  2024-04-01 18:11:56 Pipei Guo  Author affiliation: University of Arizona 

get_dept_authors_names(): logfile NOT FOUND !!!

***** get_dept_authors_names() calling search_author():  2024-04-01 18:11:56 Kathryn Lowers  Author affiliation: University of Arizona 

get_dept_authors_names(): logfile NOT FOUND !!!

***** get_dept_authors_names() calling search_author():  2024-04-01 18:11:57 Deborah Mcclelland  Author affiliation: University of Arizona 

structure(list(id = "https://openalex.org/A5091181450", display_name = "Deborah Jean McClelland", 
    display_name_alternatives = list(c("Deborah Jean McClelland", 
    "D. Jean McClelland", "D.J. McClelland", "Deborah J. McClelland"
    )), relevance_score = 1784.6654, ids = list(c(openalex = "https://openalex.org/A5091181450")), 
    orcid = NA, works_count = 23L, cited_by_count = 325L, counts_by_year = list(
        structure(list(year = 2024:2012, works_count = c(0L, 
        4L, 1L, 6L, 6L, 1L, 0L, 0L, 0L, 0L, 0L, 1L, 0L), cited_by_count = c(20L, 
        98L, 85L, 40L, 19L, 5L, 7L, 4L, 5L, 14L, 9L, 3L, 4L)), class = "data.frame", row.names = c(NA, 
        -13L))), affiliation_display_name = "University of Arizona", 
    affiliation_id = "https://openalex.org/I138006243", affiliation_ror = "https://ror.org/03m2x1q45", 
    affiliation_country_code = "US", affiliation_type = "education", 
    affiliation_lineage = list("https://openalex.org/I138006243, https://openalex.org/I3132585960"), 
    affiliations_other = list("https://openalex.org/I2800531696"), 
    x_concepts = list(structure(list(id = c("https://openalex.org/C71924100", 
    "https://openalex.org/C17744445", "https://openalex.org/C199539241", 
    "https://openalex.org/C86803240", "https://openalex.org/C142724271", 
    "https://openalex.org/C159110408", "https://openalex.org/C185592680", 
    "https://openalex.org/C15744967", "https://openalex.org/C118552586", 
    "https://openalex.org/C162324750", "https://openalex.org/C50522688", 
    "https://openalex.org/C55493867", "https://openalex.org/C126322002", 
    "https://openalex.org/C2779473830", "https://openalex.org/C27415008", 
    "https://openalex.org/C33923547", "https://openalex.org/C160735492", 
    "https://openalex.org/C99454951", "https://openalex.org/C144024400", 
    "https://openalex.org/C138816342", "https://openalex.org/C19165224", 
    "https://openalex.org/C36289849", "https://openalex.org/C105795698", 
    "https://openalex.org/C512399662", "https://openalex.org/C2781145037"
    ), wikidata = c("https://www.wikidata.org/wiki/Q11190", "https://www.wikidata.org/wiki/Q36442", 
    "https://www.wikidata.org/wiki/Q7748", "https://www.wikidata.org/wiki/Q420", 
    "https://www.wikidata.org/wiki/Q7208", "https://www.wikidata.org/wiki/Q121176", 
    "https://www.wikidata.org/wiki/Q2329", "https://www.wikidata.org/wiki/Q9418", 
    "https://www.wikidata.org/wiki/Q7867", "https://www.wikidata.org/wiki/Q8134", 
    "https://www.wikidata.org/wiki/Q189833", "https://www.wikidata.org/wiki/Q7094", 
    "https://www.wikidata.org/wiki/Q11180", "https://www.wikidata.org/wiki/Q1540899", 
    "https://www.wikidata.org/wiki/Q7256382", "https://www.wikidata.org/wiki/Q395", 
    "https://www.wikidata.org/wiki/Q31207", "https://www.wikidata.org/wiki/Q932068", 
    "https://www.wikidata.org/wiki/Q21201", "https://www.wikidata.org/wiki/Q189603", 
    "https://www.wikidata.org/wiki/Q23404", "https://www.wikidata.org/wiki/Q34749", 
    "https://www.wikidata.org/wiki/Q12483", "https://www.wikidata.org/wiki/Q3505712", 
    "https://www.wikidata.org/wiki/Q5011772"), display_name = c("Medicine", 
    "Political science", "Law", "Biology", "Pathology", "Nursing", 
    "Chemistry", "Psychology", "Psychiatry", "Economics", "Economic growth", 
    "Biochemistry", "Internal medicine", "MEDLINE", "Psychological intervention", 
    "Mathematics", "Health care", "Environmental health", "Sociology", 
    "Public health", "Anthropology", "Social science", "Statistics", 
    "Family medicine", "CINAHL"), level = c(0L, 0L, 1L, 0L, 1L, 
    1L, 0L, 0L, 1L, 0L, 1L, 1L, 1L, 2L, 2L, 0L, 2L, 1L, 0L, 2L, 
    1L, 1L, 1L, 1L, 3L), score = c(95.7, 87, 87, 78.3, 69.6, 
    65.2, 65.2, 60.9, 56.5, 56.5, 52.2, 52.2, 52.2, 52.2, 47.8, 
    47.8, 47.8, 43.5, 43.5, 39.1, 34.8, 34.8, 34.8, 34.8, 34.8
    )), class = "data.frame", row.names = c(NA, -25L))), works_api_url = "https://api.openalex.org/works?filter=author.id:A5091181450"), row.names = c(NA, 
-1L), class = c("tbl_df", "tbl", "data.frame"))

***** get_dept_authors_names() calling search_author():  2024-04-01 18:12:01 Jennifer Lee  Author affiliation: University of Arizona 

structure(list(id = c("https://openalex.org/A5086517796", "https://openalex.org/A5056681766", 
"https://openalex.org/A5008260832", "https://openalex.org/A5029455022", 
"https://openalex.org/A5064092794"), display_name = c("Jennifer L Kuntz", 
"Jennifer Yurchisin", "Jennifer Schultz", "Jennifer S. De La Rosa", 
"Jennifer Hyunkyung Lee"), display_name_alternatives = list(c("Jennifer Lee Kuntz", 
"J. Kuntz", "Jennifer L. Kuntz", "Jennifer Kuntz", "J. L. Kuntz"
), c("Jennifer Yurchisin", "Jennifer Lee Yurchisin", "Jennifer L Yurchisin"
), c("J. Schultz", "Jennifer Schultz", "Jennifer L. Schultz", 
"Jennifer Lee Schultz"), c("Jennifer S. De La Rosa", "Jennifer Schultz De La Rosa", 
"Jennifer S. De La De La Rosa", "Jennifer Lee Schultz"), "Jennifer Hyunkyung Lee"), 
    relevance_score = c(3054.6753, 2046.7776, 1093.0532, 448.45648, 
    130.28986), ids = list(c(openalex = "https://openalex.org/A5086517796", 
    orcid = "https://orcid.org/0000-0002-0017-6853"), c(openalex = "https://openalex.org/A5056681766"), 
        c(openalex = "https://openalex.org/A5008260832"), c(openalex = "https://openalex.org/A5029455022", 
        orcid = "https://orcid.org/0000-0001-6291-5618"), c(openalex = "https://openalex.org/A5064092794")), 
    orcid = c("https://orcid.org/0000-0002-0017-6853", NA, NA, 
    "https://orcid.org/0000-0001-6291-5618", NA), works_count = c(88L, 
    63L, 14L, 5L, 1L), cited_by_count = c(2096L, 833L, 228L, 
    35L, 2L), counts_by_year = list(structure(list(year = 2024:2012, 
        works_count = c(2L, 10L, 11L, 16L, 3L, 6L, 11L, 3L, 4L, 
        5L, 4L, 2L, 4L), cited_by_count = c(85L, 358L, 646L, 
        508L, 101L, 85L, 60L, 53L, 63L, 41L, 47L, 55L, 29L)), class = "data.frame", row.names = c(NA, 
    -13L)), structure(list(year = 2024:2012, works_count = c(0L, 
    0L, 1L, 3L, 0L, 3L, 2L, 6L, 9L, 7L, 3L, 5L, 1L), cited_by_count = c(16L, 
    66L, 70L, 74L, 66L, 65L, 55L, 43L, 61L, 60L, 51L, 46L, 48L
    )), class = "data.frame", row.names = c(NA, -13L)), structure(list(
        year = 2024:2012, works_count = c(0L, 0L, 0L, 0L, 0L, 
        1L, 0L, 1L, 2L, 0L, 2L, 1L, 0L), cited_by_count = c(3L, 
        28L, 14L, 14L, 15L, 11L, 15L, 9L, 10L, 17L, 11L, 16L, 
        4L)), class = "data.frame", row.names = c(NA, -13L)), 
        structure(list(year = 2024:2019, works_count = c(0L, 
        2L, 2L, 0L, 0L, 1L), cited_by_count = c(9L, 11L, 1L, 
        5L, 8L, 1L)), class = "data.frame", row.names = c(NA, 
        -6L)), structure(list(year = 2023L, works_count = 1L, 
            cited_by_count = 2L), class = "data.frame", row.names = c(NA, 
        -1L))), affiliation_display_name = c("Kaiser Permanente Center for Health Research", 
    "University of Minnesota System", "University of Arizona", 
    "University of Arizona", "University of Arizona"), affiliation_id = c("https://openalex.org/I4210114677", 
    "https://openalex.org/I2800403580", "https://openalex.org/I138006243", 
    "https://openalex.org/I138006243", "https://openalex.org/I138006243"
    ), affiliation_ror = c("https://ror.org/028gzjv13", "https://ror.org/03grvy078", 
    "https://ror.org/03m2x1q45", "https://ror.org/03m2x1q45", 
    "https://ror.org/03m2x1q45"), affiliation_country_code = c("US", 
    "US", "US", "US", "US"), affiliation_type = c("healthcare", 
    "education", "education", "education", "education"), affiliation_lineage = list(
        "https://openalex.org/I1343052199, https://openalex.org/I4210114677", 
        "https://openalex.org/I2800403580", "https://openalex.org/I138006243, https://openalex.org/I3132585960", 
        "https://openalex.org/I138006243, https://openalex.org/I3132585960", 
        "https://openalex.org/I138006243, https://openalex.org/I3132585960"), 
    affiliations_other = list(c("https://openalex.org/I126859394", 
    "https://openalex.org/I138006243", "https://openalex.org/I4210160418", 
    "https://openalex.org/I1343052199", "https://openalex.org/I168635309", 
    "https://openalex.org/I4210159497", "https://openalex.org/I4210156829", 
    "https://openalex.org/I4210121621", "https://openalex.org/I126307644"
    ), c("https://openalex.org/I35711545", "https://openalex.org/I173911158", 
    "https://openalex.org/I169335092", "https://openalex.org/I130238516", 
    "https://openalex.org/I13511017", "https://openalex.org/I138006243"
    ), c("https://openalex.org/I189163319", "https://openalex.org/I161856759", 
    "https://openalex.org/I153871386"), character(0), character(0)), 
    x_concepts = list(structure(list(id = c("https://openalex.org/C71924100", 
    "https://openalex.org/C86803240", "https://openalex.org/C126322002", 
    "https://openalex.org/C142724271", "https://openalex.org/C33923547", 
    "https://openalex.org/C105795698", "https://openalex.org/C54355233", 
    "https://openalex.org/C141071460", "https://openalex.org/C185592680", 
    "https://openalex.org/C15744967", "https://openalex.org/C55493867", 
    "https://openalex.org/C17744445", "https://openalex.org/C199539241", 
    "https://openalex.org/C121332964", "https://openalex.org/C159047783", 
    "https://openalex.org/C2524010", "https://openalex.org/C61511704", 
    "https://openalex.org/C118552586", "https://openalex.org/C120665830", 
    "https://openalex.org/C159110408", "https://openalex.org/C99454951", 
    "https://openalex.org/C162324750", "https://openalex.org/C194828623", 
    "https://openalex.org/C203014093", "https://openalex.org/C2779134260"
    ), wikidata = c("https://www.wikidata.org/wiki/Q11190", "https://www.wikidata.org/wiki/Q420", 
    "https://www.wikidata.org/wiki/Q11180", "https://www.wikidata.org/wiki/Q7208", 
    "https://www.wikidata.org/wiki/Q395", "https://www.wikidata.org/wiki/Q12483", 
    "https://www.wikidata.org/wiki/Q7162", "https://www.wikidata.org/wiki/Q40821", 
    "https://www.wikidata.org/wiki/Q2329", "https://www.wikidata.org/wiki/Q9418", 
    "https://www.wikidata.org/wiki/Q7094", "https://www.wikidata.org/wiki/Q36442", 
    "https://www.wikidata.org/wiki/Q7748", "https://www.wikidata.org/wiki/Q413", 
    "https://www.wikidata.org/wiki/Q7215", "https://www.wikidata.org/wiki/Q8087", 
    "https://www.wikidata.org/wiki/Q1671857", "https://www.wikidata.org/wiki/Q7867", 
    "https://www.wikidata.org/wiki/Q14620", "https://www.wikidata.org/wiki/Q121176", 
    "https://www.wikidata.org/wiki/Q932068", "https://www.wikidata.org/wiki/Q8134", 
    "https://www.wikidata.org/wiki/Q2861470", "https://www.wikidata.org/wiki/Q101929", 
    "https://www.wikidata.org/wiki/Q12136"), display_name = c("Medicine", 
    "Biology", "Internal medicine", "Pathology", "Mathematics", 
    "Statistics", "Genetics", "Surgery", "Chemistry", "Psychology", 
    "Biochemistry", "Political science", "Law", "Physics", "Virology", 
    "Geometry", "Incidence (geometry)", "Psychiatry", "Optics", 
    "Nursing", "Environmental health", "Economics", "Emergency medicine", 
    "Immunology", "Disease"), level = c(0L, 0L, 1L, 1L, 0L, 1L, 
    1L, 1L, 0L, 0L, 1L, 0L, 1L, 0L, 1L, 1L, 2L, 1L, 1L, 1L, 1L, 
    0L, 1L, 1L, 2L), score = c(98.9, 83, 83, 68.2, 54.5, 40.9, 
    39.8, 39.8, 37.5, 36.4, 35.2, 34.1, 34.1, 30.7, 30.7, 28.4, 
    28.4, 28.4, 28.4, 28.4, 27.3, 27.3, 27.3, 27.3, 27.3)), class = "data.frame", row.names = c(NA, 
    -25L)), structure(list(id = c("https://openalex.org/C15744967", 
    "https://openalex.org/C17744445", "https://openalex.org/C199539241", 
    "https://openalex.org/C95457728", "https://openalex.org/C166957645", 
    "https://openalex.org/C205649164", "https://openalex.org/C41008148", 
    "https://openalex.org/C77805123", "https://openalex.org/C138885662", 
    "https://openalex.org/C144133560", "https://openalex.org/C86803240", 
    "https://openalex.org/C530175646", "https://openalex.org/C33923547", 
    "https://openalex.org/C162853370", "https://openalex.org/C144024400", 
    "https://openalex.org/C162324750", "https://openalex.org/C111472728", 
    "https://openalex.org/C142362112", "https://openalex.org/C119857082", 
    "https://openalex.org/C71924100", "https://openalex.org/C105795698", 
    "https://openalex.org/C112698675", "https://openalex.org/C36289849", 
    "https://openalex.org/C169760540", "https://openalex.org/C121332964"
    ), wikidata = c("https://www.wikidata.org/wiki/Q9418", "https://www.wikidata.org/wiki/Q36442", 
    "https://www.wikidata.org/wiki/Q7748", "https://www.wikidata.org/wiki/Q309", 
    "https://www.wikidata.org/wiki/Q23498", "https://www.wikidata.org/wiki/Q1071", 
    "https://www.wikidata.org/wiki/Q21198", "https://www.wikidata.org/wiki/Q161272", 
    "https://www.wikidata.org/wiki/Q5891", "https://www.wikidata.org/wiki/Q4830453", 
    "https://www.wikidata.org/wiki/Q420", "https://www.wikidata.org/wiki/Q11460", 
    "https://www.wikidata.org/wiki/Q395", "https://www.wikidata.org/wiki/Q39809", 
    "https://www.wikidata.org/wiki/Q21201", "https://www.wikidata.org/wiki/Q8134", 
    "https://www.wikidata.org/wiki/Q9471", "https://www.wikidata.org/wiki/Q735", 
    "https://www.wikidata.org/wiki/Q2539", "https://www.wikidata.org/wiki/Q11190", 
    "https://www.wikidata.org/wiki/Q12483", "https://www.wikidata.org/wiki/Q37038", 
    "https://www.wikidata.org/wiki/Q34749", "https://www.wikidata.org/wiki/Q207011", 
    "https://www.wikidata.org/wiki/Q413"), display_name = c("Psychology", 
    "Political science", "Law", "History", "Archaeology", "Geography", 
    "Computer science", "Social psychology", "Philosophy", "Business", 
    "Biology", "Clothing", "Mathematics", "Marketing", "Sociology", 
    "Economics", "Epistemology", "Art", "Machine learning", "Medicine", 
    "Statistics", "Advertising", "Social science", "Neuroscience", 
    "Physics"), level = c(0L, 0L, 1L, 0L, 1L, 0L, 0L, 1L, 0L, 
    0L, 0L, 2L, 0L, 1L, 0L, 0L, 1L, 0L, 1L, 0L, 1L, 1L, 1L, 1L, 
    0L), score = c(84.1, 84.1, 81, 66.7, 66.7, 66.7, 60.3, 60.3, 
    60.3, 60.3, 54, 54, 50.8, 47.6, 46, 46, 36.5, 36.5, 34.9, 
    31.7, 31.7, 31.7, 27, 27, 25.4)), class = "data.frame", row.names = c(NA, 
    -25L)), structure(list(id = c("https://openalex.org/C86803240", 
    "https://openalex.org/C15744967", "https://openalex.org/C41008148", 
    "https://openalex.org/C17744445", "https://openalex.org/C33923547", 
    "https://openalex.org/C144024400", "https://openalex.org/C162324750", 
    "https://openalex.org/C18903297", "https://openalex.org/C77805123", 
    "https://openalex.org/C121332964", "https://openalex.org/C127413603", 
    "https://openalex.org/C199539241", "https://openalex.org/C205649164", 
    "https://openalex.org/C71924100", "https://openalex.org/C95457728", 
    "https://openalex.org/C138885662", "https://openalex.org/C169760540", 
    "https://openalex.org/C187736073", "https://openalex.org/C2524010", 
    "https://openalex.org/C26760741", "https://openalex.org/C39432304", 
    "https://openalex.org/C39549134", "https://openalex.org/C62520636", 
    "https://openalex.org/C111472728", "https://openalex.org/C111919701"
    ), wikidata = c("https://www.wikidata.org/wiki/Q420", "https://www.wikidata.org/wiki/Q9418", 
    "https://www.wikidata.org/wiki/Q21198", "https://www.wikidata.org/wiki/Q36442", 
    "https://www.wikidata.org/wiki/Q395", "https://www.wikidata.org/wiki/Q21201", 
    "https://www.wikidata.org/wiki/Q8134", "https://www.wikidata.org/wiki/Q7150", 
    "https://www.wikidata.org/wiki/Q161272", "https://www.wikidata.org/wiki/Q413", 
    "https://www.wikidata.org/wiki/Q11023", "https://www.wikidata.org/wiki/Q7748", 
    "https://www.wikidata.org/wiki/Q1071", "https://www.wikidata.org/wiki/Q11190", 
    "https://www.wikidata.org/wiki/Q309", "https://www.wikidata.org/wiki/Q5891", 
    "https://www.wikidata.org/wiki/Q207011", "https://www.wikidata.org/wiki/Q2920921", 
    "https://www.wikidata.org/wiki/Q8087", "https://www.wikidata.org/wiki/Q160402", 
    "https://www.wikidata.org/wiki/Q188847", "https://www.wikidata.org/wiki/Q133080", 
    "https://www.wikidata.org/wiki/Q944", "https://www.wikidata.org/wiki/Q9471", 
    "https://www.wikidata.org/wiki/Q9135"), display_name = c("Biology", 
    "Psychology", "Computer science", "Political science", "Mathematics", 
    "Sociology", "Economics", "Ecology", "Social psychology", 
    "Physics", "Engineering", "Law", "Geography", "Medicine", 
    "History", "Philosophy", "Neuroscience", "Management", "Geometry", 
    "Perception", "Environmental science", "Public relations", 
    "Quantum mechanics", "Epistemology", "Operating system"), 
        level = c(0L, 0L, 0L, 0L, 0L, 0L, 0L, 1L, 1L, 0L, 0L, 
        1L, 0L, 0L, 0L, 0L, 1L, 1L, 1L, 2L, 0L, 1L, 1L, 1L, 1L
        ), score = c(71.4, 64.3, 64.3, 50, 50, 50, 42.9, 35.7, 
        35.7, 35.7, 35.7, 35.7, 35.7, 28.6, 28.6, 28.6, 28.6, 
        28.6, 21.4, 21.4, 21.4, 21.4, 21.4, 21.4, 21.4)), class = "data.frame", row.names = c(NA, 
    -25L)), structure(list(id = c("https://openalex.org/C71924100", 
    "https://openalex.org/C86803240", "https://openalex.org/C15744967", 
    "https://openalex.org/C17744445", "https://openalex.org/C144024400", 
    "https://openalex.org/C55493867", "https://openalex.org/C118552586", 
    "https://openalex.org/C159110408", "https://openalex.org/C185592680", 
    "https://openalex.org/C199539241", "https://openalex.org/C19165224", 
    "https://openalex.org/C41008148", "https://openalex.org/C50522688", 
    "https://openalex.org/C99454951", "https://openalex.org/C126322002", 
    "https://openalex.org/C138816342", "https://openalex.org/C138885662", 
    "https://openalex.org/C142724271", "https://openalex.org/C160735492", 
    "https://openalex.org/C162324750"), wikidata = c("https://www.wikidata.org/wiki/Q11190", 
    "https://www.wikidata.org/wiki/Q420", "https://www.wikidata.org/wiki/Q9418", 
    "https://www.wikidata.org/wiki/Q36442", "https://www.wikidata.org/wiki/Q21201", 
    "https://www.wikidata.org/wiki/Q7094", "https://www.wikidata.org/wiki/Q7867", 
    "https://www.wikidata.org/wiki/Q121176", "https://www.wikidata.org/wiki/Q2329", 
    "https://www.wikidata.org/wiki/Q7748", "https://www.wikidata.org/wiki/Q23404", 
    "https://www.wikidata.org/wiki/Q21198", "https://www.wikidata.org/wiki/Q189833", 
    "https://www.wikidata.org/wiki/Q932068", "https://www.wikidata.org/wiki/Q11180", 
    "https://www.wikidata.org/wiki/Q189603", "https://www.wikidata.org/wiki/Q5891", 
    "https://www.wikidata.org/wiki/Q7208", "https://www.wikidata.org/wiki/Q31207", 
    "https://www.wikidata.org/wiki/Q8134"), display_name = c("Medicine", 
    "Biology", "Psychology", "Political science", "Sociology", 
    "Biochemistry", "Psychiatry", "Nursing", "Chemistry", "Law", 
    "Anthropology", "Computer science", "Economic growth", "Environmental health", 
    "Internal medicine", "Public health", "Philosophy", "Pathology", 
    "Health care", "Economics"), level = c(0L, 0L, 0L, 0L, 0L, 
    1L, 1L, 1L, 0L, 1L, 1L, 0L, 1L, 1L, 1L, 2L, 0L, 1L, 2L, 0L
    ), score = c(100, 100, 80, 80, 80, 60, 60, 60, 60, 60, 40, 
    40, 40, 40, 40, 40, 40, 40, 40, 40)), class = "data.frame", row.names = c(NA, 
    -20L)), structure(list(id = c("https://openalex.org/C11413529", 
    "https://openalex.org/C17319257", "https://openalex.org/C17744445", 
    "https://openalex.org/C33923547", "https://openalex.org/C41008148", 
    "https://openalex.org/C42027317", "https://openalex.org/C48103436", 
    "https://openalex.org/C54355233", "https://openalex.org/C71924100", 
    "https://openalex.org/C86803240", "https://openalex.org/C99454951", 
    "https://openalex.org/C121752807", "https://openalex.org/C144024400", 
    "https://openalex.org/C149923435", "https://openalex.org/C199360897", 
    "https://openalex.org/C199539241", "https://openalex.org/C2778642596", 
    "https://openalex.org/C2779076696", "https://openalex.org/C2779234561", 
    "https://openalex.org/C2781360127", "https://openalex.org/C2908647359", 
    "https://openalex.org/C2986817661"), wikidata = c("https://www.wikidata.org/wiki/Q8366", 
    "https://www.wikidata.org/wiki/Q21189184", "https://www.wikidata.org/wiki/Q36442", 
    "https://www.wikidata.org/wiki/Q395", "https://www.wikidata.org/wiki/Q21198", 
    "https://www.wikidata.org/wiki/Q2307054", "https://www.wikidata.org/wiki/Q599031", 
    "https://www.wikidata.org/wiki/Q7162", "https://www.wikidata.org/wiki/Q11190", 
    "https://www.wikidata.org/wiki/Q420", "https://www.wikidata.org/wiki/Q932068", 
    "https://www.wikidata.org/wiki/Q1981388", "https://www.wikidata.org/wiki/Q21201", 
    "https://www.wikidata.org/wiki/Q37732", "https://www.wikidata.org/wiki/Q9143", 
    "https://www.wikidata.org/wiki/Q7748", "https://www.wikidata.org/wiki/Q8452", 
    "https://www.wikidata.org/wiki/Q1280670", "https://www.wikidata.org/wiki/Q11995", 
    "https://www.wikidata.org/wiki/Q1119225", "https://www.wikidata.org/wiki/Q2625603", 
    "https://www.wikidata.org/wiki/Q185698"), display_name = c("Algorithm", 
    "Statute", "Political science", "Mathematics", "Computer science", 
    "Principle of legality", "State (computer science)", "Genetics", 
    "Medicine", "Biology", "Environmental health", "Reproductive health", 
    "Sociology", "Demography", "Programming language", "Law", 
    "Abortion", "Family planning", "Pregnancy", "Abortion law", 
    "Population", "Research methodology"), level = c(1L, 2L, 
    0L, 0L, 0L, 2L, 2L, 1L, 0L, 0L, 1L, 3L, 0L, 1L, 1L, 1L, 3L, 
    4L, 2L, 5L, 2L, 3L), score = c(100, 100, 100, 100, 100, 100, 
    100, 100, 100, 100, 100, 100, 100, 100, 100, 100, 100, 100, 
    100, 100, 100, 100)), class = "data.frame", row.names = c(NA, 
    -22L))), works_api_url = c("https://api.openalex.org/works?filter=author.id:A5086517796", 
    "https://api.openalex.org/works?filter=author.id:A5056681766", 
    "https://api.openalex.org/works?filter=author.id:A5008260832", 
    "https://api.openalex.org/works?filter=author.id:A5029455022", 
    "https://api.openalex.org/works?filter=author.id:A5064092794"
    )), row.names = c(NA, -5L), class = c("tbl_df", "tbl", "data.frame"
))

***** get_dept_authors_names() calling search_author():  2024-04-01 18:12:02 Mikel Bates  Author affiliation: University of Arizona 

get_dept_authors_names(): logfile NOT FOUND !!!

***** get_dept_authors_names() calling search_author():  2024-04-01 18:12:02 Annabelle Nunez  Author affiliation: University of Arizona 

structure(list(id = "https://openalex.org/A5035876431", display_name = "Annabelle Núñez", 
    display_name_alternatives = list(c("A. Nunez", "A. V. Nunez", 
    "Annabelle V. Nuñez", "A. Núñez", "Adoración Núñez", 
    "Annabelle Nunez", "Annabelle Nuñez", "Annabelle Núñez", 
    "Annabelle Villaescusa Nuñez", "A. Nuñez")), relevance_score = 4181.072, 
    ids = list(c(openalex = "https://openalex.org/A5035876431")), 
    orcid = NA, works_count = 73L, cited_by_count = 833L, counts_by_year = list(
        structure(list(year = 2024:2012, works_count = c(1L, 
        0L, 0L, 1L, 0L, 0L, 3L, 2L, 2L, 8L, 62L, 1L, 3L), cited_by_count = c(22L, 
        109L, 141L, 127L, 130L, 98L, 94L, 43L, 33L, 26L, 6L, 
        0L, 1L)), class = "data.frame", row.names = c(NA, -13L
        ))), affiliation_display_name = "CIUDAD", affiliation_id = "https://openalex.org/I4210085867", 
    affiliation_ror = "https://ror.org/000y6ah26", affiliation_country_code = "EC", 
    affiliation_type = "nonprofit", affiliation_lineage = list(
        "https://openalex.org/I4210085867"), affiliations_other = list(
        "https://openalex.org/I138006243"), x_concepts = list(
        structure(list(id = c("https://openalex.org/C71924100", 
        "https://openalex.org/C17744445", "https://openalex.org/C142724271", 
        "https://openalex.org/C199539241", "https://openalex.org/C159110408", 
        "https://openalex.org/C41008148", "https://openalex.org/C138816342", 
        "https://openalex.org/C162324750", "https://openalex.org/C144024400", 
        "https://openalex.org/C50522688", "https://openalex.org/C160735492", 
        "https://openalex.org/C99454951", "https://openalex.org/C15744967", 
        "https://openalex.org/C144133560", "https://openalex.org/C126322002"
        ), wikidata = c("https://www.wikidata.org/wiki/Q11190", 
        "https://www.wikidata.org/wiki/Q36442", "https://www.wikidata.org/wiki/Q7208", 
        "https://www.wikidata.org/wiki/Q7748", "https://www.wikidata.org/wiki/Q121176", 
        "https://www.wikidata.org/wiki/Q21198", "https://www.wikidata.org/wiki/Q189603", 
        "https://www.wikidata.org/wiki/Q8134", "https://www.wikidata.org/wiki/Q21201", 
        "https://www.wikidata.org/wiki/Q189833", "https://www.wikidata.org/wiki/Q31207", 
        "https://www.wikidata.org/wiki/Q932068", "https://www.wikidata.org/wiki/Q9418", 
        "https://www.wikidata.org/wiki/Q4830453", "https://www.wikidata.org/wiki/Q11180"
        ), display_name = c("Medicine", "Political science", 
        "Pathology", "Law", "Nursing", "Computer science", "Public health", 
        "Economics", "Sociology", "Economic growth", "Health care", 
        "Environmental health", "Psychology", "Business", "Internal medicine"
        ), level = c(0L, 0L, 1L, 1L, 1L, 0L, 2L, 0L, 0L, 1L, 
        2L, 1L, 0L, 0L, 1L), score = c(82.2, 71.2, 67.1, 61.6, 
        56.2, 50.7, 50.7, 49.3, 43.8, 42.5, 38.4, 34.2, 31.5, 
        30.1, 23.3)), class = "data.frame", row.names = c(NA, 
        -15L))), works_api_url = "https://api.openalex.org/works?filter=author.id:A5035876431"), row.names = c(NA, 
-1L), class = c("tbl_df", "tbl", "data.frame"))

***** get_dept_authors_names() calling search_author():  2024-04-01 18:12:03 Jeanne Pfander  Author affiliation: University of Arizona 

structure(list(id = "https://openalex.org/A5043275075", display_name = "Jeanne Pfander", 
    display_name_alternatives = list(c("Jeanne Pfander", "Jeanne L. Pfander", 
    "Jeanne L. Jones")), relevance_score = 1507.9341, ids = list(
        c(openalex = "https://openalex.org/A5043275075", orcid = "https://orcid.org/0000-0002-8303-7225", 
        scopus = "http://www.scopus.com/inward/authorDetails.url?authorID=6602817167&partnerID=MN8TOARS"
        )), orcid = "https://orcid.org/0000-0002-8303-7225", 
    works_count = 406L, cited_by_count = 51L, counts_by_year = list(
        structure(list(year = 2023:2012, works_count = c(0L, 
        0L, 19L, 42L, 38L, 54L, 186L, 91L, 137L, 17L, 1L, 2L), 
            cited_by_count = c(8L, 4L, 11L, 6L, 14L, 1L, 2L, 
            1L, 1L, 1L, 3L, 6L)), class = "data.frame", row.names = c(NA, 
        -12L))), affiliation_display_name = "University of Arizona", 
    affiliation_id = "https://openalex.org/I138006243", affiliation_ror = "https://ror.org/03m2x1q45", 
    affiliation_country_code = "US", affiliation_type = "education", 
    affiliation_lineage = "https://openalex.org/I138006243, https://openalex.org/I3132585960", 
    affiliations_other = list(c("https://openalex.org/I4210166658", 
    "https://openalex.org/I23732399", "https://openalex.org/I12834331"
    )), x_concepts = list(structure(list(id = c("https://openalex.org/C41008148", 
    "https://openalex.org/C205649164", "https://openalex.org/C144133560", 
    "https://openalex.org/C162324750", "https://openalex.org/C127413603", 
    "https://openalex.org/C121332964", "https://openalex.org/C86803240", 
    "https://openalex.org/C78519656", "https://openalex.org/C66938386", 
    "https://openalex.org/C97355855", "https://openalex.org/C2778712887", 
    "https://openalex.org/C17744445", "https://openalex.org/C95457728", 
    "https://openalex.org/C199539241", "https://openalex.org/C18903297", 
    "https://openalex.org/C166957645", "https://openalex.org/C144024400", 
    "https://openalex.org/C136764020", "https://openalex.org/C161191863", 
    "https://openalex.org/C15744967"), wikidata = c("https://www.wikidata.org/wiki/Q21198", 
    "https://www.wikidata.org/wiki/Q1071", "https://www.wikidata.org/wiki/Q4830453", 
    "https://www.wikidata.org/wiki/Q8134", "https://www.wikidata.org/wiki/Q11023", 
    "https://www.wikidata.org/wiki/Q413", "https://www.wikidata.org/wiki/Q420", 
    "https://www.wikidata.org/wiki/Q101333", "https://www.wikidata.org/wiki/Q633538", 
    "https://www.wikidata.org/wiki/Q11473", "https://www.wikidata.org/wiki/Q102836", 
    "https://www.wikidata.org/wiki/Q36442", "https://www.wikidata.org/wiki/Q309", 
    "https://www.wikidata.org/wiki/Q7748", "https://www.wikidata.org/wiki/Q7150", 
    "https://www.wikidata.org/wiki/Q23498", "https://www.wikidata.org/wiki/Q21201", 
    "https://www.wikidata.org/wiki/Q466", "https://www.wikidata.org/wiki/Q199655", 
    "https://www.wikidata.org/wiki/Q9418"), display_name = c("Computer science", 
    "Geography", "Business", "Economics", "Engineering", "Physics", 
    "Biology", "Mechanical engineering", "Structural engineering", 
    "Thermodynamics", "Spring (device)", "Political science", 
    "History", "Law", "Ecology", "Archaeology", "Sociology", 
    "World Wide Web", "Library science", "Psychology"), level = c(0L, 
    0L, 0L, 0L, 0L, 0L, 0L, 1L, 1L, 1L, 2L, 0L, 0L, 1L, 1L, 1L, 
    0L, 1L, 1L, 0L), score = c(74.4, 60.6, 53.9, 46.3, 45.1, 
    42.4, 39.7, 39.2, 38.7, 38.7, 38.7, 35.2, 32.5, 31.5, 30, 
    29.1, 24.1, 22.2, 21.4, 20.2)), class = "data.frame", row.names = c(NA, 
    -20L))), works_api_url = "https://api.openalex.org/works?filter=author.id:A5043275075"), row.names = c(NA, 
-1L), class = c("tbl_df", "tbl", "data.frame"))
