Francesco Serio 
Thomas Nicolai 
Stacey Erdman 
Dana Lema 
Nathan Wind 
Dru Smith 
Hannah Caproon 
Elizabeth Kominsky 
Daricus Larry 
Kacey Evilsizor 
Elizabeth Miller https://openalex.org/A5021488636
Elizabeth Miller https://openalex.org/A5025038366
Elizabeth Miller https://openalex.org/A5017626354
Elizabeth Miller https://openalex.org/A5073759773
Eileen DeBellis 
Cheryl Schrader-Gerken 
Sara Filion 
Teresa Hazen https://openalex.org/A5048585808
Sharon Knowlton 
Lauren Washuk 
Logan Dick 
Cynthia Elliott https://openalex.org/A5077224399
Cynthia Elliott https://openalex.org/A5079703497
Melinda Jones 
Michael Mayer https://openalex.org/A5063999350
Lynne Carmody 
