2024-03-20 22:35:16 Kristopher Abbate https://openalex.org/A5060452023
2024-03-20 22:35:17 Gebran Abboud 
2024-03-20 22:35:17 Tushar Acharya https://openalex.org/A5024739928
2024-03-20 22:35:18 Depak Acharya 
2024-03-20 22:35:18 Govinda Adhikari https://openalex.org/A5055306359
2024-03-20 22:35:18 Govinda Adhikari https://openalex.org/A5060564317
2024-03-20 22:35:20 Avin Aggarwal https://openalex.org/A5009397644
2024-03-20 22:35:21 Ahmad M A Al-Khashman 
2024-03-20 22:35:21 Mohanad Al-Obaidi https://openalex.org/A5045990380
2024-03-20 22:35:21 Mohanad Al-Obaidi https://openalex.org/A5042401889
2024-03-20 22:35:21 Mohanad Al-Obaidi https://openalex.org/A5088001826
2024-03-20 22:35:23 Alvaro Altamirano Ufion https://openalex.org/A5008626048
2024-03-20 22:35:23 Akshay Amaraneni https://openalex.org/A5072834309
2024-03-20 22:35:25 Venkatesh Ariyamuthu https://openalex.org/A5022492748
2024-03-20 22:35:26 Junaid Arshad https://openalex.org/A5061555101
2024-03-20 22:35:26 Junaid Arshad https://openalex.org/A5092965372
2024-03-20 22:35:28 Danielle Avila https://openalex.org/A5030095085
2024-03-20 22:35:28 Mimi Bach https://openalex.org/A5083045648
2024-03-20 22:35:28 Aurangzaib Baig 
2024-03-20 22:35:28 Amanpreet Bains 
2024-03-20 22:35:28 Kanwal Bains https://openalex.org/A5009352959
2024-03-20 22:35:28 Kanwal Bains https://openalex.org/A5027512162
2024-03-20 22:35:30 Rilwan Balogun https://openalex.org/A5040362845
2024-03-20 22:35:31 Babitha Bijin https://openalex.org/A5072834970
2024-03-20 22:35:31 Jawad Bilal https://openalex.org/A5059430672
2024-03-20 22:35:32 Maria Bishop https://openalex.org/A5055975808
2024-03-20 22:35:33 Billie Bixby https://openalex.org/A5018252846
2024-03-20 22:35:34 Geoffrey Block https://openalex.org/A5072020289
2024-03-20 22:35:36 Fernando Blumenkron https://openalex.org/A5048941269
2024-03-20 22:35:36 Fernando Blumenkron https://openalex.org/A5048941269
2024-03-20 22:35:36 Joy Bulger Beck 
2024-03-20 22:35:36 Janet Campion https://openalex.org/A5007279077
2024-03-20 22:35:36 Janet Campion https://openalex.org/A5059399652
2024-03-20 22:35:37 Arista Chand https://openalex.org/A5015339797
2024-03-20 22:35:38 Vijay Chandiramani https://openalex.org/A5018157428
2024-03-20 22:35:38 Vijay Chandiramani https://openalex.org/A5072167300
2024-03-20 22:35:39 Arka Chatterjee https://openalex.org/A5055127691
2024-03-20 22:35:41 Sachin Chaudhary https://openalex.org/A5015736770
2024-03-20 22:35:41 Sachin Chaudhary https://openalex.org/A5021789119
2024-03-20 22:35:41 Sachin Chaudhary https://openalex.org/A5079086397
2024-03-20 22:35:42 Satypriya Chaudhary 
2024-03-20 22:35:42 Madhav Chopra https://openalex.org/A5040916056
2024-03-20 22:35:43 Zachary Chun 
2024-03-20 22:35:43 Ian Coe https://openalex.org/A5086760512
2024-03-20 22:35:44 Nathan Copeland https://openalex.org/A5078615009
2024-03-20 22:35:44 Nathan Copeland https://openalex.org/A5002618323
2024-03-20 22:35:45 Michel Corban https://openalex.org/A5049816993
2024-03-20 22:35:47 Julia Cremer https://openalex.org/A5039918198
2024-03-20 22:35:47 Meenakshi Dagar https://openalex.org/A5090908936
2024-03-20 22:35:49 Soham Dave 
2024-03-20 22:35:49 Abhinav Dhakal 
2024-03-20 22:35:49 John Dicken https://openalex.org/A5049029695
2024-03-20 22:35:49 Kathy Drinkwater https://openalex.org/A5011646913
2024-03-20 22:35:50 Jason Dupont https://openalex.org/A5075911751
2024-03-20 22:35:51 Michael Durando https://openalex.org/A5043603564
2024-03-20 22:35:52 Sima Ehsani Chimeh https://openalex.org/A5079841469
2024-03-20 22:35:52 Tammer Yehia Elaini 
2024-03-20 22:35:52 Halil Erol https://openalex.org/A5020624718
2024-03-20 22:35:53 Lauren Estep https://openalex.org/A5066376158
2024-03-20 22:35:54 Lori Fantry https://openalex.org/A5036310839
2024-03-20 22:35:55 Mohammad Fazel https://openalex.org/A5052750980
2024-03-20 22:35:56 Darius Filsoof 
2024-03-20 22:35:56 Kendal Flo Flegenheimer 
2024-03-20 22:35:56 Gerald Goldberg https://openalex.org/A5017218567
2024-03-20 22:35:56 Steven Goldschmid https://openalex.org/A5059695645
2024-03-20 22:35:58 Jose Gonzalez https://openalex.org/A5088237569
2024-03-20 22:35:58 Jose Gonzalez https://openalex.org/A5084837772
2024-03-20 22:35:58 Jose Gonzalez https://openalex.org/A5022234729
2024-03-20 22:35:58 Jose Gonzalez https://openalex.org/A5016903118
2024-03-20 22:35:58 Jose Gonzalez https://openalex.org/A5083685653
2024-03-20 22:35:58 Jose Gonzalez https://openalex.org/A5090439095
2024-03-20 22:35:59 Elvira Gonzalez negrete 
2024-03-20 22:35:59 Krisstina Gowin https://openalex.org/A5050797998
2024-03-20 22:36:00 Oleh Haluszka https://openalex.org/A5042496957
2024-03-20 22:36:01 Justin Hayes https://openalex.org/A5033407848
2024-03-20 22:36:01 Justin Hayes https://openalex.org/A5038306360
2024-03-20 22:36:02 Jared Head 
2024-03-20 22:36:02 Melvin Hector https://openalex.org/A5088747364
2024-03-20 22:36:03 Monica Hinestroza-Jordan 
2024-03-20 22:36:03 Craig Hoover https://openalex.org/A5024288130
2024-03-20 22:36:04 Olivia Hung https://openalex.org/A5055005087
2024-03-20 22:36:05 Audriana Nicole Hurbon 
2024-03-20 22:36:05 Muhammad Husnain https://openalex.org/A5001408270
2024-03-20 22:36:07 Mathew Hutchinson https://openalex.org/A5031080884
2024-03-20 22:36:08 Marcus Hutchinson https://openalex.org/A5036562112
2024-03-20 22:36:08 Marcus Hutchinson https://openalex.org/A5042987183
2024-03-20 22:36:09 Khalid Ibrahim 
2024-03-20 22:36:09 Ahmad Iftikhar https://openalex.org/A5089580443
2024-03-20 22:36:09 Ahmad Iftikhar https://openalex.org/A5072999939
2024-03-20 22:36:10 Michael Insel https://openalex.org/A5019847221
2024-03-20 22:36:12 Rajesh Janardhanan https://openalex.org/A5053259879
2024-03-20 22:36:13 Neha Jaswal https://openalex.org/A5021931647
2024-03-20 22:36:14 Sao Jiralerspong https://openalex.org/A5045317216
2024-03-20 22:36:15 Christopher Brian Johnson 
2024-03-20 22:36:15 Ricklie Julian https://openalex.org/A5070649610
2024-03-20 22:36:17 Elizabeth B. Juneman https://openalex.org/A5056796883
2024-03-20 22:36:18 Saher Khalid 
2024-03-20 22:36:18 Nabin Khatiwada 
2024-03-20 22:36:18 Sharad Khurana https://openalex.org/A5000881706
2024-03-20 22:36:19 Robert Kim 
2024-03-20 22:36:19 Ravi Kiran Vuthoori 
2024-03-20 22:36:19 Amy Klein 
2024-03-20 22:36:19 Steven R. Knoper https://openalex.org/A5004546304
2024-03-20 22:36:20 Rajesh Kotagiri https://openalex.org/A5074347735
2024-03-20 22:36:21 Ravi Krishnadasan https://openalex.org/A5038489898
2024-03-20 22:36:21 Saad Kubba https://openalex.org/A5053558964
2024-03-20 22:36:23 Abhijeet Kumar https://openalex.org/A5006869077
2024-03-20 22:36:24 Gurusaravanan Kutti Sridharan https://openalex.org/A5044675383
2024-03-20 22:36:24 Gurusaravanan Kutti Sridharan https://openalex.org/A5063187998
2024-03-20 22:36:25 Rolando Leal https://openalex.org/A5010711289
2024-03-20 22:36:26 Hong S. Lee https://openalex.org/A5036252071
2024-03-20 22:36:27 Dylan Lee 
2024-03-20 22:36:27 David Lieberman https://openalex.org/A5064286991
2024-03-20 22:36:28 Haripriya Maddur 
2024-03-20 22:36:28 Iyad Mansour https://openalex.org/A5043067239
2024-03-20 22:36:28 Iyad Mansour https://openalex.org/A5063588934
2024-03-20 22:36:30 Jose Marquez https://openalex.org/A5040082438
2024-03-20 22:36:30 Jose Marquez https://openalex.org/A5043724609
2024-03-20 22:36:30 Jose Marquez https://openalex.org/A5019740270
2024-03-20 22:36:31 Saif Arsan Mashaqi 
2024-03-20 22:36:31 Josh Melson 
2024-03-20 22:36:31 Dalia M. Mikhael https://openalex.org/A5006375802
2024-03-20 22:36:31 David Carpenter Miller 
2024-03-20 22:36:31 Artur Mirzabekian 
2024-03-20 22:36:31 Francisco  E. Mora https://openalex.org/A5044674365
2024-03-20 22:36:32 Talal Moukabary https://openalex.org/A5024457504
2024-03-20 22:36:33 Alex Mulmi 
2024-03-20 22:36:33 Sangeetha Murugapandian https://openalex.org/A5070439382
2024-03-20 22:36:34 Aparna Nallagangula https://openalex.org/A5083256772
2024-03-20 22:36:34 Aparna Nallagangula https://openalex.org/A5057591852
2024-03-20 22:36:35 Rahmi Naseef 
2024-03-20 22:36:35 Bhupinder Natt https://openalex.org/A5090480697
2024-03-20 22:36:36 Saman Nematollahi https://openalex.org/A5007528296
2024-03-20 22:36:37 Nora Odisho Domit 
2024-03-20 22:36:37 Christine Oropez 
2024-03-20 22:36:37 Peter Ott https://openalex.org/A5005923405
2024-03-20 22:36:38 Karen Parker 
2024-03-20 22:36:38 Indu Partha https://openalex.org/A5077319214
2024-03-20 22:36:40 Sanjay Patel https://openalex.org/A5017320231
2024-03-20 22:36:41 Merri Pendergrass https://openalex.org/A5037964846
2024-03-20 22:36:42 Sara Penquite https://openalex.org/A5043414373
2024-03-20 22:36:42 Sara Penquite https://openalex.org/A5036123606
2024-03-20 22:36:43 Donald Perry https://openalex.org/A5026668665
2024-03-20 22:36:44 JR Exequiel Pineda 
2024-03-20 22:36:44 Jenny Plitt 
2024-03-20 22:36:44 Bupesh Pokhrel 
2024-03-20 22:36:44 Anil Kumar Potharaju https://openalex.org/A5041320336
2024-03-20 22:36:45 Nanda Pullela https://openalex.org/A5014933271
2024-03-20 22:36:45 Nanda Pullela https://openalex.org/A5026844624
2024-03-20 22:36:46 Abd Assalam Qannus https://openalex.org/A5059968219
2024-03-20 22:36:47 Ali Raoof 
2024-03-20 22:36:47 Alejandro Recio-Boiles https://openalex.org/A5018235125
2024-03-20 22:36:47 Alejandro Recio-Boiles https://openalex.org/A5027681156
2024-03-20 22:36:49 Casey Rendon https://openalex.org/A5059047121
2024-03-20 22:36:49 Dave Reyes 
2024-03-20 22:36:49 Talha Riaz https://openalex.org/A5016073754
2024-03-20 22:36:50 Venkata Rokkam https://openalex.org/A5025696852
2024-03-20 22:36:51 Umbreen Rozell https://openalex.org/A5092083797
2024-03-20 22:36:53 Stephen Scholand https://openalex.org/A5020243647
2024-03-20 22:36:54 Serena Scott https://openalex.org/A5069865214
2024-03-20 22:36:54 Serena Scott https://openalex.org/A5091232197
2024-03-20 22:36:54 Aaron Scott https://openalex.org/A5025510544
2024-03-20 22:36:56 Jennifer Segar https://openalex.org/A5040917850
2024-03-20 22:36:58 Muha Jawad Sethi 
2024-03-20 22:36:58 Manish Shah https://openalex.org/A5064566930
2024-03-20 22:36:59 Tasneem Shah https://openalex.org/A5084432801
2024-03-20 22:37:00 Nasreen Shaikh 
2024-03-20 22:37:00 Madhan Shanmusgasundaram 
2024-03-20 22:37:00 Sorabh Sharma 
2024-03-20 22:37:00 Aneesha Shetty https://openalex.org/A5006916215
2024-03-20 22:37:00 Aneesha Shetty https://openalex.org/A5017534571
2024-03-20 22:37:01 Aimee Shock 
2024-03-20 22:37:01 Puneet Shroff https://openalex.org/A5026056645
2024-03-20 22:37:02 Ivan Sierra 
2024-03-20 22:37:02 Sebastian Silva https://openalex.org/A5014798951
2024-03-20 22:37:03 Satinder Singh https://openalex.org/A5043014324
2024-03-20 22:37:04 Kamaldeep Singh https://openalex.org/A5083709159
2024-03-20 22:37:06 Amitoj Singh https://openalex.org/A5055186216
2024-03-20 22:37:07 Mei So https://openalex.org/A5059446348
2024-03-20 22:37:07 Aadhavi Sridharan https://openalex.org/A5084099737
2024-03-20 22:37:07 Aadhavi Sridharan https://openalex.org/A5016855682
2024-03-20 22:37:09 Esteban Symonds https://openalex.org/A5010157426
2024-03-20 22:37:09 Esteban Symonds https://openalex.org/A5085441684
2024-03-20 22:37:10 Akash Taggarse 
2024-03-20 22:37:10 Sarah Tariq https://openalex.org/A5050285540
2024-03-20 22:37:10 Sarah Tariq https://openalex.org/A5084748161
2024-03-20 22:37:11 Kai Tey https://openalex.org/A5055572623
2024-03-20 22:37:12 Bijin Thajudeen https://openalex.org/A5019177477
2024-03-20 22:37:12 Bijin Thajudeen https://openalex.org/A5018828648
2024-03-20 22:37:14 Rebecca Thiede https://openalex.org/A5079556761
2024-03-20 22:37:15 Cameron Thompson https://openalex.org/A5065687533
2024-03-20 22:37:16 Golnez Vahdani 
2024-03-20 22:37:16 Monica Vandivort https://openalex.org/A5039610360
2024-03-20 22:37:17 Swati Vasireddy https://openalex.org/A5088978996
2024-03-20 22:37:18 Ernest Vina https://openalex.org/A5088631049
2024-03-20 22:37:19 Duane Whitaker https://openalex.org/A5025248729
2024-03-20 22:37:19 Gerald Wolff 
2024-03-20 22:37:19 Ryan Wong https://openalex.org/A5078075711
2024-03-20 22:37:19 Ryan Wong https://openalex.org/A5014661126
2024-03-20 22:37:21 James Yanes https://openalex.org/A5056980622
2024-03-20 22:37:21 Tiffany Ynosensio 
