2024-02-14 22:06:28 Gebran Abboud : Skipping due to NULL author_id

2024-02-14 22:06:30 Depak Acharya : Skipping due to NULL author_id

2024-02-14 22:06:33 Ahmad M A Al-Khashman : Skipping due to NULL author_id

2024-02-14 22:06:42 Aurangzaib Baig : Skipping due to NULL author_id

2024-02-14 22:06:42 Amanpreet Bains : Skipping due to NULL author_id

2024-02-14 22:06:51 Joy Bulger Beck : Skipping due to NULL author_id

2024-02-14 22:06:57 Satypriya Chaudhary : Skipping due to NULL author_id

2024-02-14 22:06:58 Zachary Chun : Skipping due to NULL author_id

2024-02-14 22:07:03 Soham Dave : Skipping due to NULL author_id

2024-02-14 22:07:03 Abhinav Dhakal : Skipping due to NULL author_id

2024-02-14 22:07:06 Tammer Yehia Elaini : Skipping due to NULL author_id

2024-02-14 22:07:11 Darius Filsoof : Skipping due to NULL author_id

2024-02-14 22:07:11 Kendal Flo Flegenheimer : Skipping due to NULL author_id

2024-02-14 22:07:13 Elvira Gonzalez negrete : Skipping due to NULL author_id

2024-02-14 22:07:16 Jared Head : Skipping due to NULL author_id

2024-02-14 22:07:17 Monica Hinestroza-Jordan : Skipping due to NULL author_id

2024-02-14 22:07:19 Audriana Nicole Hurbon : Skipping due to NULL author_id

2024-02-14 22:07:24 Khalid Ibrahim : Skipping due to NULL author_id

2024-02-14 22:07:30 Christopher Brian Johnson : Skipping due to NULL author_id

2024-02-14 22:07:32 Saher Khalid : Skipping due to NULL author_id

2024-02-14 22:07:32 Nabin Khatiwada : Skipping due to NULL author_id

2024-02-14 22:07:34 Robert Kim : Skipping due to NULL author_id

2024-02-14 22:07:34 Ravi Kiran Vuthoori : Skipping due to NULL author_id

2024-02-14 22:07:34 Amy Klein : Skipping due to NULL author_id

2024-02-14 22:07:42 Dylan Lee : Skipping due to NULL author_id

2024-02-14 22:07:42 Haripriya Maddur : Skipping due to NULL author_id

2024-02-14 22:07:45 Saif Arsan Mashaqi : Skipping due to NULL author_id

2024-02-14 22:07:45 Josh Melson : Skipping due to NULL author_id

2024-02-14 22:07:45 David Carpenter Miller : Skipping due to NULL author_id

2024-02-14 22:07:45 Artur Mirzabekian : Skipping due to NULL author_id

2024-02-14 22:07:46 Alex Mulmi : Skipping due to NULL author_id

2024-02-14 22:07:49 Rahmi Naseef : Skipping due to NULL author_id

2024-02-14 22:07:52 Nora Odisho Domit : Skipping due to NULL author_id

2024-02-14 22:07:52 Christine Oropez : Skipping due to NULL author_id

2024-02-14 22:07:54 Karen Parker : Skipping due to NULL author_id

2024-02-14 22:07:59 JR Exequiel Pineda : Skipping due to NULL author_id

2024-02-14 22:07:59 Jenny Plitt : Skipping due to NULL author_id

2024-02-14 22:07:59 Bupesh Pokhrel : Skipping due to NULL author_id

2024-02-14 22:08:03 Ali Raoof : Skipping due to NULL author_id

2024-02-14 22:08:05 Dave Reyes : Skipping due to NULL author_id

2024-02-14 22:08:13 Muha Jawad Sethi : Skipping due to NULL author_id

2024-02-14 22:08:16 Nasreen Shaikh : Skipping due to NULL author_id

2024-02-14 22:08:16 Madhan Shanmusgasundaram : Skipping due to NULL author_id

2024-02-14 22:08:19 Aimee Shock : Skipping due to NULL author_id

2024-02-14 22:08:21 Ivan Sierra : Skipping due to NULL author_id

2024-02-14 22:08:30 Akash Taggarse : Skipping due to NULL author_id

2024-02-14 22:08:36 Golnez Vahdani : Skipping due to NULL author_id

2024-02-14 22:08:38 Gerald Wolff : Skipping due to NULL author_id

2024-02-14 22:08:40 Tiffany Ynosensio : Skipping due to NULL author_id

2024-03-20 22:32:55 Gebran Abboud : Skipping due to NULL author_id

2024-03-20 22:32:56 Depak Acharya : Skipping due to NULL author_id

2024-03-20 22:32:59 Ahmad M A Al-Khashman : Skipping due to NULL author_id

2024-03-20 22:33:05 Aurangzaib Baig : Skipping due to NULL author_id

2024-03-20 22:33:05 Amanpreet Bains : Skipping due to NULL author_id

2024-03-20 22:33:14 Joy Bulger Beck : Skipping due to NULL author_id

2024-03-20 22:33:20 Satypriya Chaudhary : Skipping due to NULL author_id

2024-03-20 22:33:21 Zachary Chun : Skipping due to NULL author_id

2024-03-20 22:33:25 Soham Dave : Skipping due to NULL author_id

2024-03-20 22:33:25 Abhinav Dhakal : Skipping due to NULL author_id

2024-03-20 22:33:27 Tammer Yehia Elaini : Skipping due to NULL author_id

2024-03-20 22:33:32 Darius Filsoof : Skipping due to NULL author_id

2024-03-20 22:33:32 Kendal Flo Flegenheimer : Skipping due to NULL author_id

2024-03-20 22:33:34 Elvira Gonzalez negrete : Skipping due to NULL author_id

2024-03-20 22:33:37 Jared Head : Skipping due to NULL author_id

2024-03-20 22:33:38 Monica Hinestroza-Jordan : Skipping due to NULL author_id

2024-03-20 22:33:40 Audriana Nicole Hurbon : Skipping due to NULL author_id

2024-03-20 22:33:44 Khalid Ibrahim : Skipping due to NULL author_id

2024-03-20 22:33:50 Christopher Brian Johnson : Skipping due to NULL author_id

2024-03-20 22:33:52 Saher Khalid : Skipping due to NULL author_id

2024-03-20 22:33:52 Nabin Khatiwada : Skipping due to NULL author_id

2024-03-20 22:33:54 Robert Kim : Skipping due to NULL author_id

2024-03-20 22:33:54 Ravi Kiran Vuthoori : Skipping due to NULL author_id

2024-03-20 22:33:54 Amy Klein : Skipping due to NULL author_id

2024-03-20 22:34:01 Dylan Lee : Skipping due to NULL author_id

2024-03-20 22:34:01 Haripriya Maddur : Skipping due to NULL author_id

2024-03-20 22:34:04 Saif Arsan Mashaqi : Skipping due to NULL author_id

2024-03-20 22:34:04 Josh Melson : Skipping due to NULL author_id

2024-03-20 22:34:04 David Carpenter Miller : Skipping due to NULL author_id

2024-03-20 22:34:04 Artur Mirzabekian : Skipping due to NULL author_id

2024-03-20 22:34:05 Alex Mulmi : Skipping due to NULL author_id

2024-03-20 22:34:07 Rahmi Naseef : Skipping due to NULL author_id

2024-03-20 22:34:10 Nora Odisho Domit : Skipping due to NULL author_id

2024-03-20 22:34:10 Christine Oropez : Skipping due to NULL author_id

2024-03-20 22:34:11 Karen Parker : Skipping due to NULL author_id

2024-03-20 22:34:17 JR Exequiel Pineda : Skipping due to NULL author_id

2024-03-20 22:34:17 Jenny Plitt : Skipping due to NULL author_id

2024-03-20 22:34:17 Bupesh Pokhrel : Skipping due to NULL author_id

2024-03-20 22:34:20 Ali Raoof : Skipping due to NULL author_id

2024-03-20 22:34:22 Dave Reyes : Skipping due to NULL author_id

2024-03-20 22:34:29 Muha Jawad Sethi : Skipping due to NULL author_id

2024-03-20 22:34:31 Nasreen Shaikh : Skipping due to NULL author_id

2024-03-20 22:34:31 Madhan Shanmusgasundaram : Skipping due to NULL author_id

2024-03-20 22:34:31 Sorabh Sharma : Skipping due to NULL author_id

2024-03-20 22:34:33 Aimee Shock : Skipping due to NULL author_id

2024-03-20 22:34:34 Ivan Sierra : Skipping due to NULL author_id

2024-03-20 22:34:42 Akash Taggarse : Skipping due to NULL author_id

2024-03-20 22:34:47 Golnez Vahdani : Skipping due to NULL author_id

2024-03-20 22:34:49 Gerald Wolff : Skipping due to NULL author_id

2024-03-20 22:34:51 Tiffany Ynosensio : Skipping due to NULL author_id

