2024-02-14 22:10:13 Gebran Abboud : Skipping due to NULL author_id

2024-02-14 22:10:15 Depak Acharya : Skipping due to NULL author_id

2024-02-14 22:10:18 Ahmad M A Al-Khashman : Skipping due to NULL author_id

2024-02-14 22:10:24 Aurangzaib Baig : Skipping due to NULL author_id

2024-02-14 22:10:24 Amanpreet Bains : Skipping due to NULL author_id

2024-02-14 22:10:33 Joy Bulger Beck : Skipping due to NULL author_id

2024-02-14 22:10:40 Satypriya Chaudhary : Skipping due to NULL author_id

2024-02-14 22:10:42 Zachary Chun : Skipping due to NULL author_id

2024-02-14 22:10:46 Soham Dave : Skipping due to NULL author_id

2024-02-14 22:10:46 Abhinav Dhakal : Skipping due to NULL author_id

2024-02-14 22:10:51 Tammer Yehia Elaini : Skipping due to NULL author_id

2024-02-14 22:10:55 Darius Filsoof : Skipping due to NULL author_id

2024-02-14 22:10:55 Kendal Flo Flegenheimer : Skipping due to NULL author_id

2024-02-14 22:10:59 Elvira Gonzalez negrete : Skipping due to NULL author_id

2024-02-14 22:11:01 Jared Head : Skipping due to NULL author_id

2024-02-14 22:11:03 Monica Hinestroza-Jordan : Skipping due to NULL author_id

2024-02-14 22:11:04 Audriana Nicole Hurbon : Skipping due to NULL author_id

2024-02-14 22:11:09 Khalid Ibrahim : Skipping due to NULL author_id

2024-02-14 22:11:17 Christopher Brian Johnson : Skipping due to NULL author_id

2024-02-14 22:11:20 Saher Khalid : Skipping due to NULL author_id

2024-02-14 22:11:20 Nabin Khatiwada : Skipping due to NULL author_id

2024-02-14 22:11:21 Robert Kim : Skipping due to NULL author_id

2024-02-14 22:11:21 Ravi Kiran Vuthoori : Skipping due to NULL author_id

2024-02-14 22:11:21 Amy Klein : Skipping due to NULL author_id

2024-02-14 22:11:30 Dylan Lee : Skipping due to NULL author_id

2024-02-14 22:11:31 Haripriya Maddur : Skipping due to NULL author_id

2024-02-14 22:11:34 Saif Arsan Mashaqi : Skipping due to NULL author_id

2024-02-14 22:11:34 Josh Melson : Skipping due to NULL author_id

2024-02-14 22:11:35 David Carpenter Miller : Skipping due to NULL author_id

2024-02-14 22:11:35 Artur Mirzabekian : Skipping due to NULL author_id

2024-02-14 22:11:36 Alex Mulmi : Skipping due to NULL author_id

2024-02-14 22:11:39 Rahmi Naseef : Skipping due to NULL author_id

2024-02-14 22:11:41 Nora Odisho Domit : Skipping due to NULL author_id

2024-02-14 22:11:41 Christine Oropez : Skipping due to NULL author_id

2024-02-14 22:11:43 Karen Parker : Skipping due to NULL author_id

2024-02-14 22:11:50 JR Exequiel Pineda : Skipping due to NULL author_id

2024-02-14 22:11:50 Jenny Plitt : Skipping due to NULL author_id

2024-02-14 22:11:50 Bupesh Pokhrel : Skipping due to NULL author_id

2024-02-14 22:11:52 Ali Raoof : Skipping due to NULL author_id

2024-02-14 22:11:55 Dave Reyes : Skipping due to NULL author_id

2024-02-14 22:12:05 Muha Jawad Sethi : Skipping due to NULL author_id

2024-02-14 22:12:07 Nasreen Shaikh : Skipping due to NULL author_id

2024-02-14 22:12:07 Madhan Shanmusgasundaram : Skipping due to NULL author_id

2024-02-14 22:12:10 Aimee Shock : Skipping due to NULL author_id

2024-02-14 22:12:11 Ivan Sierra : Skipping due to NULL author_id

2024-02-14 22:12:20 Akash Taggarse : Skipping due to NULL author_id

2024-02-14 22:12:26 Golnez Vahdani : Skipping due to NULL author_id

2024-02-14 22:12:29 Gerald Wolff : Skipping due to NULL author_id

2024-02-14 22:12:31 Tiffany Ynosensio : Skipping due to NULL author_id

2024-03-20 22:35:17 Gebran Abboud : Skipping due to NULL author_id

2024-03-20 22:35:18 Depak Acharya : Skipping due to NULL author_id

2024-03-20 22:35:21 Ahmad M A Al-Khashman : Skipping due to NULL author_id

2024-03-20 22:35:28 Aurangzaib Baig : Skipping due to NULL author_id

2024-03-20 22:35:28 Amanpreet Bains : Skipping due to NULL author_id

2024-03-20 22:35:36 Joy Bulger Beck : Skipping due to NULL author_id

2024-03-20 22:35:42 Satypriya Chaudhary : Skipping due to NULL author_id

2024-03-20 22:35:43 Zachary Chun : Skipping due to NULL author_id

2024-03-20 22:35:49 Soham Dave : Skipping due to NULL author_id

2024-03-20 22:35:49 Abhinav Dhakal : Skipping due to NULL author_id

2024-03-20 22:35:52 Tammer Yehia Elaini : Skipping due to NULL author_id

2024-03-20 22:35:56 Darius Filsoof : Skipping due to NULL author_id

2024-03-20 22:35:56 Kendal Flo Flegenheimer : Skipping due to NULL author_id

2024-03-20 22:35:59 Elvira Gonzalez negrete : Skipping due to NULL author_id

2024-03-20 22:36:02 Jared Head : Skipping due to NULL author_id

2024-03-20 22:36:03 Monica Hinestroza-Jordan : Skipping due to NULL author_id

2024-03-20 22:36:05 Audriana Nicole Hurbon : Skipping due to NULL author_id

2024-03-20 22:36:09 Khalid Ibrahim : Skipping due to NULL author_id

2024-03-20 22:36:15 Christopher Brian Johnson : Skipping due to NULL author_id

2024-03-20 22:36:18 Saher Khalid : Skipping due to NULL author_id

2024-03-20 22:36:18 Nabin Khatiwada : Skipping due to NULL author_id

2024-03-20 22:36:19 Robert Kim : Skipping due to NULL author_id

2024-03-20 22:36:19 Ravi Kiran Vuthoori : Skipping due to NULL author_id

2024-03-20 22:36:19 Amy Klein : Skipping due to NULL author_id

2024-03-20 22:36:27 Dylan Lee : Skipping due to NULL author_id

2024-03-20 22:36:28 Haripriya Maddur : Skipping due to NULL author_id

2024-03-20 22:36:31 Saif Arsan Mashaqi : Skipping due to NULL author_id

2024-03-20 22:36:31 Josh Melson : Skipping due to NULL author_id

2024-03-20 22:36:31 David Carpenter Miller : Skipping due to NULL author_id

2024-03-20 22:36:31 Artur Mirzabekian : Skipping due to NULL author_id

2024-03-20 22:36:33 Alex Mulmi : Skipping due to NULL author_id

2024-03-20 22:36:35 Rahmi Naseef : Skipping due to NULL author_id

2024-03-20 22:36:37 Nora Odisho Domit : Skipping due to NULL author_id

2024-03-20 22:36:37 Christine Oropez : Skipping due to NULL author_id

2024-03-20 22:36:38 Karen Parker : Skipping due to NULL author_id

2024-03-20 22:36:44 JR Exequiel Pineda : Skipping due to NULL author_id

2024-03-20 22:36:44 Jenny Plitt : Skipping due to NULL author_id

2024-03-20 22:36:44 Bupesh Pokhrel : Skipping due to NULL author_id

2024-03-20 22:36:47 Ali Raoof : Skipping due to NULL author_id

2024-03-20 22:36:49 Dave Reyes : Skipping due to NULL author_id

2024-03-20 22:36:58 Muha Jawad Sethi : Skipping due to NULL author_id

2024-03-20 22:37:00 Nasreen Shaikh : Skipping due to NULL author_id

2024-03-20 22:37:00 Madhan Shanmusgasundaram : Skipping due to NULL author_id

2024-03-20 22:37:00 Sorabh Sharma : Skipping due to NULL author_id

2024-03-20 22:37:01 Aimee Shock : Skipping due to NULL author_id

2024-03-20 22:37:02 Ivan Sierra : Skipping due to NULL author_id

2024-03-20 22:37:10 Akash Taggarse : Skipping due to NULL author_id

2024-03-20 22:37:16 Golnez Vahdani : Skipping due to NULL author_id

2024-03-20 22:37:19 Gerald Wolff : Skipping due to NULL author_id

2024-03-20 22:37:21 Tiffany Ynosensio : Skipping due to NULL author_id

