2024-02-11 07:25:46 Author result affiliation:
structure(list(id = "https://openalex.org/A5082148123", display_name = "Keith A. Joiner", 
    display_name_alternatives = list(c("K.A Joiner", "Keith A. Joiner", 
    "Keith Joiner", "K. A. Joiner", "K. Joiner")), relevance_score = 19058.557, 
    ids = list(c(openalex = "https://openalex.org/A5082148123")), 
    orcid = NA, works_count = 252L, cited_by_count = 11203L, 
    counts_by_year = list(structure(list(year = 2024:2012, works_count = c(1L, 
    1L, 1L, 3L, 5L, 2L, 2L, 2L, 5L, 5L, 3L, 0L, 2L), cited_by_count = c(29L, 
    271L, 291L, 393L, 395L, 303L, 305L, 331L, 301L, 272L, 499L, 
    486L, 435L)), class = "data.frame", row.names = c(NA, -13L
    ))), affiliation_display_name = "University of Arizona", 
    affiliation_id = "https://openalex.org/I138006243", affiliation_ror = "https://ror.org/03m2x1q45", 
    affiliation_country_code = "US", affiliation_type = "education", 
    affiliation_lineage = "https://openalex.org/I138006243, https://openalex.org/I3132585960", 
    affiliations_other = list(c("https://openalex.org/I188329596", 
    "https://openalex.org/I31746571", "https://openalex.org/I165799507", 
    "https://openalex.org/I1321305853", "https://openalex.org/I108192572", 
    "https://openalex.org/I181547552", "https://openalex.org/I4210148217", 
    "https://openalex.org/I1174212", "https://openalex.org/I2800531696"
    )), x_concepts = list(structure(list(id = c("https://openalex.org/C71924100", 
    "https://openalex.org/C86803240", "https://openalex.org/C54355233", 
    "https://openalex.org/C185592680", "https://openalex.org/C55493867", 
    "https://openalex.org/C203014093", "https://openalex.org/C126322002", 
    "https://openalex.org/C159654299", "https://openalex.org/C95444343", 
    "https://openalex.org/C104317684", "https://openalex.org/C41008148", 
    "https://openalex.org/C89423630", "https://openalex.org/C127313418", 
    "https://openalex.org/C151730666", "https://openalex.org/C142724271", 
    "https://openalex.org/C178790620", "https://openalex.org/C2778128430", 
    "https://openalex.org/C8891405", "https://openalex.org/C523546767", 
    "https://openalex.org/C121332964", "https://openalex.org/C162324750", 
    "https://openalex.org/C134018914"), wikidata = c("https://www.wikidata.org/wiki/Q11190", 
    "https://www.wikidata.org/wiki/Q420", "https://www.wikidata.org/wiki/Q7162", 
    "https://www.wikidata.org/wiki/Q2329", "https://www.wikidata.org/wiki/Q7094", 
    "https://www.wikidata.org/wiki/Q101929", "https://www.wikidata.org/wiki/Q11180", 
    "https://www.wikidata.org/wiki/Q79460", "https://www.wikidata.org/wiki/Q7141", 
    "https://www.wikidata.org/wiki/Q7187", "https://www.wikidata.org/wiki/Q21198", 
    "https://www.wikidata.org/wiki/Q7193", "https://www.wikidata.org/wiki/Q1069", 
    "https://www.wikidata.org/wiki/Q7205", "https://www.wikidata.org/wiki/Q7208", 
    "https://www.wikidata.org/wiki/Q11351", "https://www.wikidata.org/wiki/Q131003", 
    "https://www.wikidata.org/wiki/Q1059", "https://www.wikidata.org/wiki/Q10876", 
    "https://www.wikidata.org/wiki/Q413", "https://www.wikidata.org/wiki/Q8134", 
    "https://www.wikidata.org/wiki/Q162606"), display_name = c("Medicine", 
    "Biology", "Genetics", "Chemistry", "Biochemistry", "Immunology", 
    "Internal medicine", "Antibody", "Cell biology", "Gene", 
    "Computer science", "Microbiology", "Geology", "Paleontology", 
    "Pathology", "Organic chemistry", "Toxoplasma gondii", "Immune system", 
    "Bacteria", "Physics", "Economics", "Endocrinology"), level = c(0L, 
    0L, 1L, 0L, 1L, 1L, 1L, 2L, 1L, 2L, 0L, 1L, 0L, 1L, 1L, 1L, 
    3L, 2L, 2L, 0L, 0L, 1L), score = c(89.3, 78.6, 70.6, 68.7, 
    65.1, 60.3, 48.4, 45.2, 39.7, 38.5, 35.7, 32.1, 29.8, 28.6, 
    27.4, 27, 25.8, 25, 24.6, 23.4, 22.2, 21)), class = "data.frame", row.names = c(NA, 
    -22L))), works_api_url = "https://api.openalex.org/works?filter=author.id:A5082148123"), row.names = c(NA, 
-1L), class = c("tbl_df", "tbl", "data.frame"))
