2024-02-11 07:43:10 Author result affiliation:
structure(list(id = "https://openalex.org/A5006052429", display_name = "Stefano Guerra", 
    display_name_alternatives = list(c("S.D. Guerra", "S. Guerra", 
    "Stefano Guerra")), relevance_score = 13373.06, ids = list(
        c(openalex = "https://openalex.org/A5006052429", orcid = "https://orcid.org/0000-0001-7218-3246"
        )), orcid = "https://orcid.org/0000-0001-7218-3246", 
    works_count = 242L, cited_by_count = 9704L, counts_by_year = list(
        structure(list(year = 2024:2012, works_count = c(1L, 
        20L, 12L, 4L, 14L, 17L, 23L, 16L, 10L, 16L, 13L, 9L, 
        14L), cited_by_count = c(249L, 2185L, 2248L, 2186L, 2074L, 
        1960L, 1852L, 1607L, 1557L, 1426L, 1638L, 1433L, 1140L
        )), class = "data.frame", row.names = c(NA, -13L))), 
    affiliation_display_name = "University of Arizona", affiliation_id = "https://openalex.org/I138006243", 
    affiliation_ror = "https://ror.org/03m2x1q45", affiliation_country_code = "US", 
    affiliation_type = "education", affiliation_lineage = list(
        "https://openalex.org/I138006243, https://openalex.org/I3132585960"), 
    affiliations_other = list(c("https://openalex.org/I4210163776", 
    "https://openalex.org/I4210148332", "https://openalex.org/I4210087844", 
    "https://openalex.org/I4210124665", "https://openalex.org/I4210117888", 
    "https://openalex.org/I4210092159", "https://openalex.org/I170486558", 
    "https://openalex.org/I4210154894", "https://openalex.org/I2800531696"
    )), x_concepts = list(structure(list(id = c("https://openalex.org/C71924100", 
    "https://openalex.org/C126322002", "https://openalex.org/C86803240", 
    "https://openalex.org/C203014093", "https://openalex.org/C142724271", 
    "https://openalex.org/C2776042228", "https://openalex.org/C33923547", 
    "https://openalex.org/C105795698", "https://openalex.org/C15744967", 
    "https://openalex.org/C54355233", "https://openalex.org/C138885662", 
    "https://openalex.org/C185592680", "https://openalex.org/C41895202", 
    "https://openalex.org/C118552586", "https://openalex.org/C2777714996", 
    "https://openalex.org/C144024400", "https://openalex.org/C55493867", 
    "https://openalex.org/C99454951", "https://openalex.org/C149923435", 
    "https://openalex.org/C2908647359", "https://openalex.org/C3018587741", 
    "https://openalex.org/C187212893", "https://openalex.org/C141071460", 
    "https://openalex.org/C104317684"), wikidata = c("https://www.wikidata.org/wiki/Q11190", 
    "https://www.wikidata.org/wiki/Q11180", "https://www.wikidata.org/wiki/Q420", 
    "https://www.wikidata.org/wiki/Q101929", "https://www.wikidata.org/wiki/Q7208", 
    "https://www.wikidata.org/wiki/Q35869", "https://www.wikidata.org/wiki/Q395", 
    "https://www.wikidata.org/wiki/Q12483", "https://www.wikidata.org/wiki/Q9418", 
    "https://www.wikidata.org/wiki/Q7162", "https://www.wikidata.org/wiki/Q5891", 
    "https://www.wikidata.org/wiki/Q2329", "https://www.wikidata.org/wiki/Q8162", 
    "https://www.wikidata.org/wiki/Q7867", "https://www.wikidata.org/wiki/Q7886", 
    "https://www.wikidata.org/wiki/Q21201", "https://www.wikidata.org/wiki/Q7094", 
    "https://www.wikidata.org/wiki/Q932068", "https://www.wikidata.org/wiki/Q37732", 
    "https://www.wikidata.org/wiki/Q2625603", "https://www.wikidata.org/wiki/Q7886", 
    "https://www.wikidata.org/wiki/Q123028", "https://www.wikidata.org/wiki/Q40821", 
    "https://www.wikidata.org/wiki/Q7187"), display_name = c("Medicine", 
    "Internal medicine", "Biology", "Immunology", "Pathology", 
    "Asthma", "Mathematics", "Statistics", "Psychology", "Genetics", 
    "Philosophy", "Chemistry", "Linguistics", "Psychiatry", "Lung", 
    "Sociology", "Biochemistry", "Environmental health", "Demography", 
    "Population", "Lung function", "Pediatrics", "Surgery", "Gene"
    ), level = c(0L, 1L, 0L, 1L, 1L, 2L, 0L, 1L, 0L, 1L, 0L, 
    0L, 1L, 1L, 2L, 0L, 1L, 1L, 1L, 2L, 3L, 1L, 1L, 2L), score = c(95.5, 
    89.3, 85.5, 69, 63.6, 54.5, 48.3, 44.6, 42.6, 40.9, 38.8, 
    35.1, 34.3, 33.9, 33.1, 31, 30.2, 30.2, 28.9, 24.4, 24.4, 
    24, 23.6, 20.2)), class = "data.frame", row.names = c(NA, 
    -24L))), works_api_url = "https://api.openalex.org/works?filter=author.id:A5006052429"), row.names = c(NA, 
-1L), class = c("tbl_df", "tbl", "data.frame"))
2024-02-11 07:43:11 Author result affiliation:
structure(list(id = "https://openalex.org/A5042613825", display_name = "Debra A. Stern", 
    display_name_alternatives = list(c("Debra A. Stern", "Debra Stern", 
    "Debra Ann Stern", "D. A. Stern", "D. Stern")), relevance_score = 11648.426, 
    ids = list(c(openalex = "https://openalex.org/A5042613825", 
    orcid = "https://orcid.org/0000-0003-4683-6084")), orcid = "https://orcid.org/0000-0003-4683-6084", 
    works_count = 115L, cited_by_count = 5807L, counts_by_year = list(
        structure(list(year = 2024:2012, works_count = c(1L, 
        6L, 7L, 3L, 5L, 4L, 9L, 4L, 3L, 5L, 3L, 7L, 8L), cited_by_count = c(48L, 
        477L, 428L, 430L, 355L, 430L, 415L, 405L, 416L, 431L, 
        416L, 375L, 410L)), class = "data.frame", row.names = c(NA, 
        -13L))), affiliation_display_name = "University of Arizona", 
    affiliation_id = "https://openalex.org/I138006243", affiliation_ror = "https://ror.org/03m2x1q45", 
    affiliation_country_code = "US", affiliation_type = "education", 
    affiliation_lineage = list("https://openalex.org/I138006243, https://openalex.org/I3132585960"), 
    affiliations_other = list(c("https://openalex.org/I4210163776", 
    "https://openalex.org/I2800531696", "https://openalex.org/I4210087413", 
    "https://openalex.org/I3019586173", "https://openalex.org/I921990950"
    )), x_concepts = list(structure(list(id = c("https://openalex.org/C71924100", 
    "https://openalex.org/C86803240", "https://openalex.org/C126322002", 
    "https://openalex.org/C203014093", "https://openalex.org/C2776042228", 
    "https://openalex.org/C142724271", "https://openalex.org/C54355233", 
    "https://openalex.org/C187212893", "https://openalex.org/C33923547", 
    "https://openalex.org/C15744967", "https://openalex.org/C105795698", 
    "https://openalex.org/C118552586", "https://openalex.org/C207480886", 
    "https://openalex.org/C99454951", "https://openalex.org/C144024400", 
    "https://openalex.org/C105702510", "https://openalex.org/C149923435", 
    "https://openalex.org/C185592680", "https://openalex.org/C55493867", 
    "https://openalex.org/C534529494", "https://openalex.org/C141071460", 
    "https://openalex.org/C2908647359", "https://openalex.org/C72563966"
    ), wikidata = c("https://www.wikidata.org/wiki/Q11190", "https://www.wikidata.org/wiki/Q420", 
    "https://www.wikidata.org/wiki/Q11180", "https://www.wikidata.org/wiki/Q101929", 
    "https://www.wikidata.org/wiki/Q35869", "https://www.wikidata.org/wiki/Q7208", 
    "https://www.wikidata.org/wiki/Q7162", "https://www.wikidata.org/wiki/Q123028", 
    "https://www.wikidata.org/wiki/Q395", "https://www.wikidata.org/wiki/Q9418", 
    "https://www.wikidata.org/wiki/Q12483", "https://www.wikidata.org/wiki/Q7867", 
    "https://www.wikidata.org/wiki/Q42982", "https://www.wikidata.org/wiki/Q932068", 
    "https://www.wikidata.org/wiki/Q21201", "https://www.wikidata.org/wiki/Q514", 
    "https://www.wikidata.org/wiki/Q37732", "https://www.wikidata.org/wiki/Q2329", 
    "https://www.wikidata.org/wiki/Q7094", "https://www.wikidata.org/wiki/Q7891", 
    "https://www.wikidata.org/wiki/Q40821", "https://www.wikidata.org/wiki/Q2625603", 
    "https://www.wikidata.org/wiki/Q1303415"), display_name = c("Medicine", 
    "Biology", "Internal medicine", "Immunology", "Asthma", "Pathology", 
    "Genetics", "Pediatrics", "Mathematics", "Psychology", "Statistics", 
    "Psychiatry", "Allergy", "Environmental health", "Sociology", 
    "Anatomy", "Demography", "Chemistry", "Biochemistry", "Respiratory system", 
    "Surgery", "Population", "Cohort"), level = c(0L, 0L, 1L, 
    1L, 2L, 1L, 1L, 1L, 0L, 0L, 1L, 1L, 2L, 1L, 0L, 1L, 1L, 0L, 
    1L, 2L, 1L, 2L, 2L), score = c(100, 93, 92.2, 86.1, 71.3, 
    52.2, 48.7, 46.1, 43.5, 41.7, 39.1, 33, 30.4, 28.7, 28.7, 
    27.8, 27.8, 27.8, 26.1, 25.2, 22.6, 22.6, 21.7)), class = "data.frame", row.names = c(NA, 
    -23L))), works_api_url = "https://api.openalex.org/works?filter=author.id:A5042613825"), row.names = c(NA, 
-1L), class = c("tbl_df", "tbl", "data.frame"))
