
***** 2024-03-22 14:35:18 
Searched: Guadalupe Carr : Author affiliation: University of Arizona
NOT FOUND !!!

***** 2024-03-22 14:35:18 
Searched: Kevin F Moynahan : Author affiliation: University of Arizona
structure(list(id = "https://openalex.org/A5031943208", display_name = "Kevin F. Moynahan", 
    display_name_alternatives = list(c("Kevin Francis Moynahan", 
    "Kevin Moynahan", "Kevin F. Moynahan")), relevance_score = 3184.3267, 
    ids = list(c(openalex = "https://openalex.org/A5031943208")), 
    orcid = NA, works_count = 15L, cited_by_count = 228L, counts_by_year = list(
        structure(list(year = 2024:2012, works_count = c(0L, 
        1L, 0L, 0L, 1L, 3L, 1L, 0L, 2L, 0L, 2L, 0L, 1L), cited_by_count = c(75L, 
        78L, 154L, 225L, 248L, 332L, 134L, 131L, 90L, 37L, 37L, 
        1L, 1L)), class = "data.frame", row.names = c(NA, -13L
        ))), affiliation_display_name = "University of Arizona", 
    affiliation_id = "https://openalex.org/I138006243", affiliation_ror = "https://ror.org/03m2x1q45", 
    affiliation_country_code = "US", affiliation_type = "education", 
    affiliation_lineage = "https://openalex.org/I138006243, https://openalex.org/I3132585960", 
    affiliations_other = list(c("https://openalex.org/I36258959", 
    "https://openalex.org/I1318720529", "https://openalex.org/I27837315", 
    "https://openalex.org/I4210094999", "https://openalex.org/I173654999", 
    "https://openalex.org/I4210145006", "https://openalex.org/I161318765", 
    "https://openalex.org/I79576946", "https://openalex.org/I166722992"
    )), x_concepts = list(structure(list(id = c("https://openalex.org/C71924100", 
    "https://openalex.org/C509550671", "https://openalex.org/C15744967", 
    "https://openalex.org/C162324750", "https://openalex.org/C17744445", 
    "https://openalex.org/C144024400", "https://openalex.org/C199539241", 
    "https://openalex.org/C19417346", "https://openalex.org/C50522688", 
    "https://openalex.org/C512399662", "https://openalex.org/C33923547", 
    "https://openalex.org/C41008148", "https://openalex.org/C47177190", 
    "https://openalex.org/C86803240", "https://openalex.org/C111472728", 
    "https://openalex.org/C138885662", "https://openalex.org/C2993838110", 
    "https://openalex.org/C105795698", "https://openalex.org/C126322002", 
    "https://openalex.org/C142724271", "https://openalex.org/C145420912"
    ), wikidata = c("https://www.wikidata.org/wiki/Q11190", "https://www.wikidata.org/wiki/Q126945", 
    "https://www.wikidata.org/wiki/Q9418", "https://www.wikidata.org/wiki/Q8134", 
    "https://www.wikidata.org/wiki/Q36442", "https://www.wikidata.org/wiki/Q21201", 
    "https://www.wikidata.org/wiki/Q7748", "https://www.wikidata.org/wiki/Q7922", 
    "https://www.wikidata.org/wiki/Q189833", "https://www.wikidata.org/wiki/Q3505712", 
    "https://www.wikidata.org/wiki/Q395", "https://www.wikidata.org/wiki/Q21198", 
    "https://www.wikidata.org/wiki/Q207137", "https://www.wikidata.org/wiki/Q420", 
    "https://www.wikidata.org/wiki/Q9471", "https://www.wikidata.org/wiki/Q5891", 
    "https://www.wikidata.org/wiki/Q494230", "https://www.wikidata.org/wiki/Q12483", 
    "https://www.wikidata.org/wiki/Q11180", "https://www.wikidata.org/wiki/Q7208", 
    "https://www.wikidata.org/wiki/Q853077"), display_name = c("Medicine", 
    "Medical education", "Psychology", "Economics", "Political science", 
    "Sociology", "Law", "Pedagogy", "Economic growth", "Family medicine", 
    "Mathematics", "Computer science", "Curriculum", "Biology", 
    "Epistemology", "Philosophy", "Medical school", "Statistics", 
    "Internal medicine", "Pathology", "Mathematics education"
    ), level = c(0L, 1L, 0L, 0L, 0L, 0L, 1L, 1L, 1L, 1L, 0L, 
    0L, 2L, 0L, 1L, 0L, 2L, 1L, 1L, 1L, 1L), score = c(100, 80, 
    73.3, 66.7, 60, 60, 60, 53.3, 53.3, 40, 33.3, 33.3, 33.3, 
    33.3, 33.3, 33.3, 33.3, 26.7, 26.7, 26.7, 26.7)), class = "data.frame", row.names = c(NA, 
    -21L))), works_api_url = "https://api.openalex.org/works?filter=author.id:A5031943208"), row.names = c(NA, 
-1L), class = c("tbl_df", "tbl", "data.frame"))
