2024-02-14 21:36:48 Author result affiliation:
structure(list(id = c("https://openalex.org/A5005154233", "https://openalex.org/A5018050941", 
"https://openalex.org/A5022251680"), display_name = c("H‐H. Sherry Chow", 
"H.‐H. Sherry Chow", "Sherry Chow"), display_name_alternatives = list(
    c("H. Sherry Chow", "H‐H. Sherry Chow", "HH Sherry Chow", 
    "H‐H. Chow", "H. S. Chow", "H. H. Sherry Chow", "H‐H S. Chow", 
    "H‐H.S. Chow"), c("H. Chow", "Hhs Chow", "H‐Hs Chow", 
    "Hsiao Hui Chow", "H.‐H. Chow", "H. H. Sherry Chow", "H. ‐H. Sherry Chow", 
    "Hsiao‐Hui Chow", "Hsiao‐Hui Sherry Chow", "H. H. Chow", 
    "H. H.S. Chow", "Hsiao Hui S. Chow", "Hsiao‐Hui ‐H Chow", 
    "Hsiao Hui Sherry Chow"), c("Sherry Chow", "Sherry H.‐H. Chow", 
    "Sherry H.H. Chow", "S. Chow")), relevance_score = c(11594.309, 
9012.789, 1933.0286), ids = list(c(openalex = "https://openalex.org/A5005154233", 
orcid = "https://orcid.org/0000-0002-9638-711X"), c(openalex = "https://openalex.org/A5018050941"), 
    c(openalex = "https://openalex.org/A5022251680")), orcid = c("https://orcid.org/0000-0002-9638-711X", 
NA, NA), works_count = c(75L, 93L, 15L), cited_by_count = c(2495L, 
1517L, 528L), counts_by_year = list(structure(list(year = 2024:2012, 
    works_count = c(0L, 5L, 4L, 7L, 1L, 4L, 5L, 2L, 4L, 2L, 2L, 
    4L, 6L), cited_by_count = c(18L, 220L, 269L, 231L, 206L, 
    175L, 219L, 191L, 165L, 206L, 172L, 208L, 153L)), class = "data.frame", row.names = c(NA, 
-13L)), structure(list(year = 2024:2012, works_count = c(1L, 
21L, 6L, 4L, 2L, 2L, 1L, 1L, 2L, 2L, 2L, 0L, 4L), cited_by_count = c(18L, 
148L, 142L, 134L, 122L, 97L, 103L, 80L, 82L, 74L, 71L, 76L, 75L
)), class = "data.frame", row.names = c(NA, -13L)), structure(list(
    year = 2024:2012, works_count = c(0L, 0L, 1L, 1L, 0L, 0L, 
    1L, 1L, 1L, 0L, 2L, 1L, 0L), cited_by_count = c(2L, 33L, 
    31L, 48L, 22L, 27L, 26L, 14L, 17L, 28L, 28L, 26L, 42L)), class = "data.frame", row.names = c(NA, 
-13L))), affiliation_display_name = c("University of Arizona", 
"University of Arizona", "University of Arizona"), affiliation_id = c("https://openalex.org/I138006243", 
"https://openalex.org/I138006243", "https://openalex.org/I138006243"
), affiliation_ror = c("https://ror.org/03m2x1q45", "https://ror.org/03m2x1q45", 
"https://ror.org/03m2x1q45"), affiliation_country_code = c("US", 
"US", "US"), affiliation_type = c("education", "education", "education"
), affiliation_lineage = c("https://openalex.org/I138006243, https://openalex.org/I3132585960", 
"https://openalex.org/I138006243, https://openalex.org/I3132585960", 
"https://openalex.org/I138006243, https://openalex.org/I3132585960"
), affiliations_other = list(c("https://openalex.org/I161318765", 
"https://openalex.org/I4210162453", "https://openalex.org/I1174212", 
"https://openalex.org/I4210140884"), c("https://openalex.org/I131249849", 
"https://openalex.org/I142606810", "https://openalex.org/I4210162453", 
"https://openalex.org/I921990950", "https://openalex.org/I4210125099", 
"https://openalex.org/I2802366037", "https://openalex.org/I4210101549", 
"https://openalex.org/I36258959", "https://openalex.org/I4210104507"
), character(0)), x_concepts = list(structure(list(id = c("https://openalex.org/C71924100", 
"https://openalex.org/C86803240", "https://openalex.org/C126322002", 
"https://openalex.org/C185592680", "https://openalex.org/C55493867", 
"https://openalex.org/C54355233", "https://openalex.org/C134018914", 
"https://openalex.org/C142724271", "https://openalex.org/C98274493", 
"https://openalex.org/C121608353", "https://openalex.org/C178790620", 
"https://openalex.org/C60644358", "https://openalex.org/C31903555", 
"https://openalex.org/C141071460", "https://openalex.org/C143998085", 
"https://openalex.org/C204787440", "https://openalex.org/C15744967", 
"https://openalex.org/C118552586", "https://openalex.org/C530470458"
), wikidata = c("https://www.wikidata.org/wiki/Q11190", "https://www.wikidata.org/wiki/Q420", 
"https://www.wikidata.org/wiki/Q11180", "https://www.wikidata.org/wiki/Q2329", 
"https://www.wikidata.org/wiki/Q7094", "https://www.wikidata.org/wiki/Q7162", 
"https://www.wikidata.org/wiki/Q162606", "https://www.wikidata.org/wiki/Q7208", 
"https://www.wikidata.org/wiki/Q128406", "https://www.wikidata.org/wiki/Q12078", 
"https://www.wikidata.org/wiki/Q11351", "https://www.wikidata.org/wiki/Q128570", 
"https://www.wikidata.org/wiki/Q1637030", "https://www.wikidata.org/wiki/Q40821", 
"https://www.wikidata.org/wiki/Q162555", "https://www.wikidata.org/wiki/Q188504", 
"https://www.wikidata.org/wiki/Q9418", "https://www.wikidata.org/wiki/Q7867", 
"https://www.wikidata.org/wiki/Q128581"), display_name = c("Medicine", 
"Biology", "Internal medicine", "Chemistry", "Biochemistry", 
"Genetics", "Endocrinology", "Pathology", "Pharmacology", "Cancer", 
"Organic chemistry", "Bioinformatics", "Food science", "Surgery", 
"Oncology", "Alternative medicine", "Psychology", "Psychiatry", 
"Breast cancer"), level = c(0L, 0L, 1L, 0L, 1L, 1L, 1L, 1L, 1L, 
2L, 1L, 1L, 1L, 1L, 1L, 2L, 0L, 1L, 3L), score = c(101.3, 101.3, 
101.3, 86.7, 76, 69.3, 66.7, 54.7, 52, 50.7, 42.7, 34.7, 30.7, 
26.7, 26.7, 25.3, 21.3, 21.3, 21.3)), class = "data.frame", row.names = c(NA, 
-19L)), structure(list(id = c("https://openalex.org/C71924100", 
"https://openalex.org/C86803240", "https://openalex.org/C126322002", 
"https://openalex.org/C54355233", "https://openalex.org/C185592680", 
"https://openalex.org/C98274493", "https://openalex.org/C134018914", 
"https://openalex.org/C121608353", "https://openalex.org/C55493867", 
"https://openalex.org/C178790620", "https://openalex.org/C142724271", 
"https://openalex.org/C143998085", "https://openalex.org/C530470458", 
"https://openalex.org/C60644358", "https://openalex.org/C141071460", 
"https://openalex.org/C29456083", "https://openalex.org/C112705442", 
"https://openalex.org/C203014093", "https://openalex.org/C2776166826", 
"https://openalex.org/C2776241388", "https://openalex.org/C2777176818", 
"https://openalex.org/C2778484676", "https://openalex.org/C2778504769"
), wikidata = c("https://www.wikidata.org/wiki/Q11190", "https://www.wikidata.org/wiki/Q420", 
"https://www.wikidata.org/wiki/Q11180", "https://www.wikidata.org/wiki/Q7162", 
"https://www.wikidata.org/wiki/Q2329", "https://www.wikidata.org/wiki/Q128406", 
"https://www.wikidata.org/wiki/Q162606", "https://www.wikidata.org/wiki/Q12078", 
"https://www.wikidata.org/wiki/Q7094", "https://www.wikidata.org/wiki/Q11351", 
"https://www.wikidata.org/wiki/Q7208", "https://www.wikidata.org/wiki/Q162555", 
"https://www.wikidata.org/wiki/Q128581", "https://www.wikidata.org/wiki/Q128570", 
"https://www.wikidata.org/wiki/Q40821", "https://www.wikidata.org/wiki/Q1221899", 
"https://www.wikidata.org/wiki/Q323936", "https://www.wikidata.org/wiki/Q101929", 
"https://www.wikidata.org/wiki/Q415287", "https://www.wikidata.org/wiki/Q963093", 
"https://www.wikidata.org/wiki/Q412178", "https://www.wikidata.org/wiki/Q20707196", 
"https://www.wikidata.org/wiki/Q3040305"), display_name = c("Medicine", 
"Biology", "Internal medicine", "Genetics", "Chemistry", "Pharmacology", 
"Endocrinology", "Cancer", "Biochemistry", "Organic chemistry", 
"Pathology", "Oncology", "Breast cancer", "Bioinformatics", "Surgery", 
"Gynecology", "Pharmacokinetics", "Immunology", "Aromatase", 
"Sulindac", "Tamoxifen", "Nonsteroidal", "Aromatase inhibitor"
), level = c(0L, 0L, 1L, 1L, 0L, 1L, 1L, 2L, 1L, 1L, 1L, 1L, 
3L, 1L, 1L, 1L, 2L, 1L, 4L, 3L, 4L, 2L, 5L), score = c(98.9, 
97.8, 93.5, 77.4, 64.5, 60.2, 52.7, 51.6, 39.8, 36.6, 33.3, 33.3, 
32.3, 30.1, 24.7, 21.5, 21.5, 21.5, 21.5, 21.5, 21.5, 21.5, 20.4
)), class = "data.frame", row.names = c(NA, -23L)), structure(list(
    id = c("https://openalex.org/C86803240", "https://openalex.org/C71924100", 
    "https://openalex.org/C126322002", "https://openalex.org/C185592680", 
    "https://openalex.org/C55493867", "https://openalex.org/C54355233", 
    "https://openalex.org/C142724271", "https://openalex.org/C178790620", 
    "https://openalex.org/C134018914", "https://openalex.org/C141071460", 
    "https://openalex.org/C204787440", "https://openalex.org/C60644358", 
    "https://openalex.org/C98274493", "https://openalex.org/C121332964", 
    "https://openalex.org/C121608353", "https://openalex.org/C143998085", 
    "https://openalex.org/C203014093", "https://openalex.org/C27081682", 
    "https://openalex.org/C168563851", "https://openalex.org/C2778004101"
    ), wikidata = c("https://www.wikidata.org/wiki/Q420", "https://www.wikidata.org/wiki/Q11190", 
    "https://www.wikidata.org/wiki/Q11180", "https://www.wikidata.org/wiki/Q2329", 
    "https://www.wikidata.org/wiki/Q7094", "https://www.wikidata.org/wiki/Q7162", 
    "https://www.wikidata.org/wiki/Q7208", "https://www.wikidata.org/wiki/Q11351", 
    "https://www.wikidata.org/wiki/Q162606", "https://www.wikidata.org/wiki/Q40821", 
    "https://www.wikidata.org/wiki/Q188504", "https://www.wikidata.org/wiki/Q128570", 
    "https://www.wikidata.org/wiki/Q128406", "https://www.wikidata.org/wiki/Q413", 
    "https://www.wikidata.org/wiki/Q12078", "https://www.wikidata.org/wiki/Q162555", 
    "https://www.wikidata.org/wiki/Q101929", "https://www.wikidata.org/wiki/Q269829", 
    "https://www.wikidata.org/wiki/Q1436668", "https://www.wikidata.org/wiki/Q133948"
    ), display_name = c("Biology", "Medicine", "Internal medicine", 
    "Chemistry", "Biochemistry", "Genetics", "Pathology", "Organic chemistry", 
    "Endocrinology", "Surgery", "Alternative medicine", "Bioinformatics", 
    "Pharmacology", "Physics", "Cancer", "Oncology", "Immunology", 
    "Placebo", "Randomized controlled trial", "Antioxidant"), 
    level = c(0L, 0L, 1L, 0L, 1L, 1L, 1L, 1L, 1L, 1L, 2L, 1L, 
    1L, 0L, 2L, 1L, 1L, 3L, 2L, 2L), score = c(100, 93.3, 86.7, 
    80, 73.3, 66.7, 53.3, 53.3, 40, 40, 40, 33.3, 33.3, 33.3, 
    33.3, 33.3, 33.3, 26.7, 26.7, 26.7)), class = "data.frame", row.names = c(NA, 
-20L))), works_api_url = c("https://api.openalex.org/works?filter=author.id:A5005154233", 
"https://api.openalex.org/works?filter=author.id:A5018050941", 
"https://api.openalex.org/works?filter=author.id:A5022251680"
)), row.names = c(NA, -3L), class = c("tbl_df", "tbl", "data.frame"
))
2024-02-14 21:36:49 Author result affiliation:
structure(list(id = "https://openalex.org/A5051128417", display_name = "Rebecca M. Crocker", 
    display_name_alternatives = list(c("Rebecca M. Crocker", 
    "Rebecca Crocker")), relevance_score = 1934.1027, ids = list(
        c(openalex = "https://openalex.org/A5051128417", orcid = "https://orcid.org/0000-0002-5281-2831"
        )), orcid = "https://orcid.org/0000-0002-5281-2831", 
    works_count = 22L, cited_by_count = 111L, counts_by_year = list(
        structure(list(year = c(2024L, 2023L, 2022L, 2021L, 2020L, 
        2019L, 2018L, 2017L, 2016L, 2015L, 2014L, 2012L), works_count = c(1L, 
        3L, 6L, 7L, 2L, 0L, 0L, 1L, 1L, 1L, 1L, 1L), cited_by_count = c(9L, 
        50L, 33L, 7L, 2L, 2L, 2L, 4L, 2L, 0L, 0L, 0L)), class = "data.frame", row.names = c(NA, 
        -12L))), affiliation_display_name = "University of Arizona", 
    affiliation_id = "https://openalex.org/I138006243", affiliation_ror = "https://ror.org/03m2x1q45", 
    affiliation_country_code = "US", affiliation_type = "education", 
    affiliation_lineage = "https://openalex.org/I138006243, https://openalex.org/I3132585960", 
    affiliations_other = list("https://openalex.org/I919571938"), 
    x_concepts = list(structure(list(id = c("https://openalex.org/C71924100", 
    "https://openalex.org/C144024400", "https://openalex.org/C17744445", 
    "https://openalex.org/C199539241", "https://openalex.org/C15744967", 
    "https://openalex.org/C86803240", "https://openalex.org/C19165224", 
    "https://openalex.org/C95457728", "https://openalex.org/C205649164", 
    "https://openalex.org/C36289849", "https://openalex.org/C166957645", 
    "https://openalex.org/C138885662", "https://openalex.org/C190248442", 
    "https://openalex.org/C41008148", "https://openalex.org/C50522688", 
    "https://openalex.org/C70036468", "https://openalex.org/C74909509", 
    "https://openalex.org/C118552586", "https://openalex.org/C142724271", 
    "https://openalex.org/C162324750", "https://openalex.org/C99454951", 
    "https://openalex.org/C512399662", "https://openalex.org/C542102704", 
    "https://openalex.org/C41895202", "https://openalex.org/C70410870"
    ), wikidata = c("https://www.wikidata.org/wiki/Q11190", "https://www.wikidata.org/wiki/Q21201", 
    "https://www.wikidata.org/wiki/Q36442", "https://www.wikidata.org/wiki/Q7748", 
    "https://www.wikidata.org/wiki/Q9418", "https://www.wikidata.org/wiki/Q420", 
    "https://www.wikidata.org/wiki/Q23404", "https://www.wikidata.org/wiki/Q309", 
    "https://www.wikidata.org/wiki/Q1071", "https://www.wikidata.org/wiki/Q34749", 
    "https://www.wikidata.org/wiki/Q23498", "https://www.wikidata.org/wiki/Q5891", 
    "https://www.wikidata.org/wiki/Q839486", "https://www.wikidata.org/wiki/Q21198", 
    "https://www.wikidata.org/wiki/Q189833", "https://www.wikidata.org/wiki/Q131288", 
    "https://www.wikidata.org/wiki/Q10387", "https://www.wikidata.org/wiki/Q7867", 
    "https://www.wikidata.org/wiki/Q7208", "https://www.wikidata.org/wiki/Q8134", 
    "https://www.wikidata.org/wiki/Q932068", "https://www.wikidata.org/wiki/Q3505712", 
    "https://www.wikidata.org/wiki/Q183257", "https://www.wikidata.org/wiki/Q8162", 
    "https://www.wikidata.org/wiki/Q199906"), display_name = c("Medicine", 
    "Sociology", "Political science", "Law", "Psychology", "Biology", 
    "Anthropology", "History", "Geography", "Social science", 
    "Archaeology", "Philosophy", "Qualitative research", "Computer science", 
    "Economic growth", "Immigration", "Gerontology", "Psychiatry", 
    "Pathology", "Economics", "Environmental health", "Family medicine", 
    "Psychotherapist", "Linguistics", "Clinical psychology"), 
        level = c(0L, 0L, 0L, 1L, 0L, 0L, 1L, 0L, 0L, 1L, 1L, 
        0L, 2L, 0L, 1L, 2L, 1L, 1L, 1L, 0L, 1L, 1L, 1L, 1L, 1L
        ), score = c(95.5, 77.3, 72.7, 72.7, 68.2, 63.6, 54.5, 
        54.5, 54.5, 45.5, 45.5, 40.9, 40.9, 36.4, 36.4, 36.4, 
        36.4, 36.4, 36.4, 36.4, 31.8, 31.8, 31.8, 27.3, 27.3)), class = "data.frame", row.names = c(NA, 
    -25L))), works_api_url = "https://api.openalex.org/works?filter=author.id:A5051128417"), row.names = c(NA, 
-1L), class = c("tbl_df", "tbl", "data.frame"))
