Mohammad Hassibi 
Heidy Castro 
Lauren Williams https://openalex.org/A5065909147
Bradley Comden 
Makensie Jones 
Sydney Aguirre Miranda 
Samantha Stevens https://openalex.org/A5059242519
Deanna Siragusa 
Elizabeth Gress 
Ava Christensen 
Ami Jones 
Matthew D'Apice 
Violeta Keifer 
Jesus Villalobos 
Olivia Postal 
Christine Miller 
Anthony Foggiano 
Akila Mathis-Adams 
Elissa Mondschein 
Tory Middlebrooks 
Lucy Provost 
Genesis Florendo 
Devin Johnson https://openalex.org/A5016809644
Peter Schwarz 
Mona Ammon 
John Miller-Wells https://openalex.org/A5053521486
Michelle Monroe-Menjugas 
Katherine Young https://openalex.org/A5063412207
Charles Wommack 
Ellen Knight https://openalex.org/A5040481995
Scott Cossel 
Laura Davalos 
Robyn Huff-Eibl https://openalex.org/A5091087188
Bethany Bones 
Charley Dejolie 
Linda Dols https://openalex.org/A5039204769
