2024-03-26 12:44:03 Mohammad Hassibi : Skipping due to NULL author_id

2024-03-26 12:44:03 Heidy Castro : Skipping due to NULL author_id

2024-03-26 12:44:04 Bradley Comden : Skipping due to NULL author_id

2024-03-26 12:44:04 Makensie Jones : Skipping due to NULL author_id

2024-03-26 12:44:04 Sydney Aguirre Miranda : Skipping due to NULL author_id

2024-03-26 12:44:06 Deanna Siragusa : Skipping due to NULL author_id

2024-03-26 12:44:06 Elizabeth Gress : Skipping due to NULL author_id

2024-03-26 12:44:06 Ava Christensen : Skipping due to NULL author_id

2024-03-26 12:44:06 Ami Jones : Skipping due to NULL author_id

2024-03-26 12:44:06 Matthew D'Apice : Skipping due to NULL author_id

2024-03-26 12:44:06 Violeta Keifer : Skipping due to NULL author_id

2024-03-26 12:44:06 Jesus Villalobos : Skipping due to NULL author_id

2024-03-26 12:44:06 Olivia Postal : Skipping due to NULL author_id

2024-03-26 12:44:06 Christine Miller : Skipping due to NULL author_id

2024-03-26 12:44:06 Anthony Foggiano : Skipping due to NULL author_id

2024-03-26 12:44:06 Akila Mathis-Adams : Skipping due to NULL author_id

2024-03-26 12:44:06 Elissa Mondschein : Skipping due to NULL author_id

2024-03-26 12:44:06 Tory Middlebrooks : Skipping due to NULL author_id

2024-03-26 12:44:06 Lucy Provost : Skipping due to NULL author_id

2024-03-26 12:44:06 Genesis Florendo : Skipping due to NULL author_id

2024-03-26 12:44:06 Peter Schwarz : Skipping due to NULL author_id

2024-03-26 12:44:06 Mona Ammon : Skipping due to NULL author_id

2024-03-26 12:44:06 Michelle Monroe-Menjugas : Skipping due to NULL author_id

2024-03-26 12:44:07 Charles Wommack : Skipping due to NULL author_id

2024-03-26 12:44:07 Scott Cossel : Skipping due to NULL author_id

2024-03-26 12:44:07 Laura Davalos : Skipping due to NULL author_id

2024-03-26 12:44:08 Bethany Bones : Skipping due to NULL author_id

2024-03-26 12:44:08 Charley Dejolie : Skipping due to NULL author_id

