2024-03-26 12:44:00 Mohammad Hassibi : Skipping due to NULL author_id

2024-03-26 12:44:00 Heidy Castro : Skipping due to NULL author_id

2024-03-26 12:44:00 Bradley Comden : Skipping due to NULL author_id

2024-03-26 12:44:00 Makensie Jones : Skipping due to NULL author_id

2024-03-26 12:44:00 Sydney Aguirre Miranda : Skipping due to NULL author_id

2024-03-26 12:44:01 Deanna Siragusa : Skipping due to NULL author_id

2024-03-26 12:44:01 Elizabeth Gress : Skipping due to NULL author_id

2024-03-26 12:44:01 Ava Christensen : Skipping due to NULL author_id

2024-03-26 12:44:01 Ami Jones : Skipping due to NULL author_id

2024-03-26 12:44:01 Matthew D'Apice : Skipping due to NULL author_id

2024-03-26 12:44:01 Violeta Keifer : Skipping due to NULL author_id

2024-03-26 12:44:01 Jesus Villalobos : Skipping due to NULL author_id

2024-03-26 12:44:01 Olivia Postal : Skipping due to NULL author_id

2024-03-26 12:44:01 Christine Miller : Skipping due to NULL author_id

2024-03-26 12:44:01 Anthony Foggiano : Skipping due to NULL author_id

2024-03-26 12:44:01 Akila Mathis-Adams : Skipping due to NULL author_id

2024-03-26 12:44:01 Elissa Mondschein : Skipping due to NULL author_id

2024-03-26 12:44:01 Tory Middlebrooks : Skipping due to NULL author_id

2024-03-26 12:44:01 Lucy Provost : Skipping due to NULL author_id

2024-03-26 12:44:01 Genesis Florendo : Skipping due to NULL author_id

2024-03-26 12:44:01 Peter Schwarz : Skipping due to NULL author_id

2024-03-26 12:44:01 Mona Ammon : Skipping due to NULL author_id

2024-03-26 12:44:02 Michelle Monroe-Menjugas : Skipping due to NULL author_id

2024-03-26 12:44:02 Charles Wommack : Skipping due to NULL author_id

2024-03-26 12:44:02 Scott Cossel : Skipping due to NULL author_id

2024-03-26 12:44:02 Laura Davalos : Skipping due to NULL author_id

2024-03-26 12:44:03 Bethany Bones : Skipping due to NULL author_id

2024-03-26 12:44:03 Charley Dejolie : Skipping due to NULL author_id

