Irisbeltsi Enriquez-Gutierrez 
Elise Etrheim 
Richard Whitmer 
Fleur Van der woude 
Randi Johnson 
Maggie Dwenger 
Stephen Hussman 
Trent Purdy https://openalex.org/A5002673670
Bianca Alper https://openalex.org/A5079703799
Alba Fernandez-Keys 
Veronica Reyes-Escudero https://openalex.org/A5083458449
Amanda Howard 
Lorenia Diaz 
Patricia Ballesteros 
Michelle Boyer-Kelly https://openalex.org/A5009028857
J Myers https://openalex.org/A5058150133
J Myers https://openalex.org/A5049878162
J Myers https://openalex.org/A5059491123
J Myers https://openalex.org/A5087828312
Lisa Duncan 
Erika Castano 
Joseph Diaz 
