2024-02-04 20:04:37 Kristopher Abbate  year  2023  : Warning:  No records found!
2024-02-04 20:04:37 Gebran Abboud : Skipping due to NULL author_id
2024-02-04 20:04:39 Depak Acharya : Skipping due to NULL author_id
2024-02-04 20:04:42 Ahmad M A Al-Khashman : Skipping due to NULL author_id
2024-02-04 20:04:44 Alvaro Altamirano Ufion : Skipping due to NULL author_id
2024-02-04 20:04:48 Danielle Avila  year  2023  : Warning:  No records found!
2024-02-04 20:04:49 Mimi Bach  year  2023  : Warning:  No records found!
2024-02-04 20:04:49 Aurangzaib Baig : Skipping due to NULL author_id
2024-02-04 20:04:49 Amanpreet Bains : Skipping due to NULL author_id
2024-02-04 20:04:52 Babitha Bijin  year  2023  : Warning:  No records found!
2024-02-04 20:04:53 Jawad Bilal  year  2023  : Warning:  No records found!
2024-02-04 20:04:58 Fernando Blumenkron  year  2023  : Warning:  No records found!
2024-02-04 20:04:58 Fernando Blumenkron  year  2023  : Warning:  No records found!
2024-02-04 20:04:58 Joy Bulger Beck : Skipping due to NULL author_id
2024-02-04 20:05:05 Satypriya Chaudhary : Skipping due to NULL author_id
2024-02-04 20:05:07 Zachary Chun : Skipping due to NULL author_id
2024-02-04 20:05:07 Ian Coe  year  2023  : Warning:  No records found!
2024-02-04 20:05:11 Julia Cremer  year  2023  : Warning:  No records found!
2024-02-04 20:05:12 Soham Dave : Skipping due to NULL author_id
2024-02-04 20:05:12 Abhinav Dhakal : Skipping due to NULL author_id
2024-02-04 20:05:12 John Dicken  year  2023  : Warning:  No records found!
2024-02-04 20:05:16 Michael Durando  year  2023  : Warning:  No records found!
2024-02-04 20:05:16 Sima Ehsani Chimeh  year  2023  : Warning:  No records found!
2024-02-04 20:05:16 Tammer Yehia Elaini : Skipping due to NULL author_id
2024-02-04 20:05:20 Lori Fantry  year  2023  : Warning:  No records found!
2024-02-04 20:05:21 Darius Filsoof : Skipping due to NULL author_id
2024-02-04 20:05:21 Kendal Flo Flegenheimer : Skipping due to NULL author_id
2024-02-04 20:05:22 Gerald Goldberg  year  2023  : Warning:  No records found!
2024-02-04 20:05:25 Elvira Gonzalez negrete : Skipping due to NULL author_id
2024-02-04 20:05:26 Oleh Haluszka  year  2023  : Warning:  No records found!
2024-02-04 20:05:28 Jared Head : Skipping due to NULL author_id
2024-02-04 20:05:29 Monica Hinestroza-Jordan : Skipping due to NULL author_id
2024-02-04 20:05:30 Craig Hoover  year  2023  : Warning:  No records found!
2024-02-04 20:05:31 Audriana Nicole Hurbon : Skipping due to NULL author_id
2024-02-04 20:05:36 Khalid Ibrahim : Skipping due to NULL author_id
2024-02-04 20:05:44 Christopher Brian Johnson : Skipping due to NULL author_id
2024-02-04 20:05:46 Saher Khalid : Skipping due to NULL author_id
2024-02-04 20:05:46 Nabin Khatiwada : Skipping due to NULL author_id
2024-02-04 20:05:48 Robert Kim : Skipping due to NULL author_id
2024-02-04 20:05:48 Ravi Kiran Vuthoori : Skipping due to NULL author_id
2024-02-04 20:05:48 Amy Klein : Skipping due to NULL author_id
2024-02-04 20:05:48 Steven R. Knoper  year  2023  : Warning:  No records found!
2024-02-04 20:05:50 Ravi Krishnadasan  year  2023  : Warning:  No records found!
2024-02-04 20:05:54 Gurusaravanan Kutti Sridharan  year  2023  : Warning:  No records found!
2024-02-04 20:05:54 Gurusaravanan Kutti Sridharan  year  2023  : Warning:  No records found!
2024-02-04 20:05:57 Dylan Lee : Skipping due to NULL author_id
2024-02-04 20:05:58 Haripriya Maddur : Skipping due to NULL author_id
2024-02-04 20:06:01 Saif Arsan Mashaqi : Skipping due to NULL author_id
2024-02-04 20:06:01 Josh Melson : Skipping due to NULL author_id
2024-02-04 20:06:02 Dalia M. Mikhael  year  2023  : Warning:  No records found!
2024-02-04 20:06:02 David Carpenter Miller : Skipping due to NULL author_id
2024-02-04 20:06:02 Artur Mirzabekian : Skipping due to NULL author_id
2024-02-04 20:06:02 Francisco  E. Mora  year  2023  : Warning:  No records found!
2024-02-04 20:06:03 Alex Mulmi : Skipping due to NULL author_id
2024-02-04 20:06:06 Rahmi Naseef : Skipping due to NULL author_id
2024-02-04 20:06:07 Bhupinder Natt  year  2023  : Warning:  No records found!
2024-02-04 20:06:08 Nora Odisho Domit : Skipping due to NULL author_id
2024-02-04 20:06:08 Christine Oropez : Skipping due to NULL author_id
2024-02-04 20:06:10 Karen Parker : Skipping due to NULL author_id
2024-02-04 20:06:18 JR Exequiel Pineda : Skipping due to NULL author_id
2024-02-04 20:06:18 Jenny Plitt : Skipping due to NULL author_id
2024-02-04 20:06:18 Bupesh Pokhrel : Skipping due to NULL author_id
2024-02-04 20:06:20 Nanda Pullela  year  2023  : Warning:  No records found!
2024-02-04 20:06:21 Ali Raoof : Skipping due to NULL author_id
2024-02-04 20:06:24 Casey Rendon  year  2023  : Warning:  No records found!
2024-02-04 20:06:24 Dave Reyes : Skipping due to NULL author_id
2024-02-04 20:06:30 Serena Scott  year  2023  : Warning:  No records found!
2024-02-04 20:06:30 Serena Scott  year  2023  : Warning:  No records found!
2024-02-04 20:06:35 Muha Jawad Sethi : Skipping due to NULL author_id
2024-02-04 20:06:37 Tasneem Shah  year  2023  : Warning:  No records found!
2024-02-04 20:06:37 Nasreen Shaikh : Skipping due to NULL author_id
2024-02-04 20:06:37 Madhan Shanmusgasundaram : Skipping due to NULL author_id
2024-02-04 20:06:41 Aimee Shock : Skipping due to NULL author_id
2024-02-04 20:06:42 Ivan Sierra : Skipping due to NULL author_id
2024-02-04 20:06:49 Mei So  year  2023  : Warning:  No records found!
2024-02-04 20:06:53 Akash Taggarse : Skipping due to NULL author_id
2024-02-04 20:07:00 Golnez Vahdani : Skipping due to NULL author_id
2024-02-04 20:07:01 Monica Vandivort  year  2023  : Warning:  No records found!
2024-02-04 20:07:04 Duane Whitaker  year  2023  : Warning:  No records found!
2024-02-04 20:07:04 Gerald Wolff : Skipping due to NULL author_id
2024-02-04 20:07:06 James Yanes  year  2023  : Warning:  No records found!
2024-02-04 20:07:06 Tiffany Ynosensio : Skipping due to NULL author_id
