2024-02-04 19:40:12 Kristopher Abbate  year  2022  : Warning:  No records found!
2024-02-04 19:40:12 Gebran Abboud : Skipping due to NULL author_id
2024-02-04 19:40:14 Depak Acharya : Skipping due to NULL author_id
2024-02-04 19:40:17 Ahmad M A Al-Khashman : Skipping due to NULL author_id
2024-02-04 19:40:20 Alvaro Altamirano Ufion : Skipping due to NULL author_id
2024-02-04 19:40:25 Mimi Bach  year  2022  : Warning:  No records found!
2024-02-04 19:40:25 Aurangzaib Baig : Skipping due to NULL author_id
2024-02-04 19:40:25 Amanpreet Bains : Skipping due to NULL author_id
2024-02-04 19:40:29 Babitha Bijin  year  2022  : Warning:  No records found!
2024-02-04 19:40:35 Fernando Blumenkron  year  2022  : Warning:  No records found!
2024-02-04 19:40:36 Fernando Blumenkron  year  2022  : Warning:  No records found!
2024-02-04 19:40:36 Joy Bulger Beck : Skipping due to NULL author_id
2024-02-04 19:40:39 Vijay Chandiramani  year  2022  : Warning:  No records found!
2024-02-04 19:40:39 Vijay Chandiramani  year  2022  : Warning:  No records found!
2024-02-04 19:40:42 Satypriya Chaudhary : Skipping due to NULL author_id
2024-02-04 19:40:44 Zachary Chun : Skipping due to NULL author_id
2024-02-04 19:40:44 Ian Coe  year  2022  : Warning:  No records found!
2024-02-04 19:40:48 Julia Cremer  year  2022  : Warning:  No records found!
2024-02-04 19:40:48 Meenakshi Dagar  year  2022  : Warning:  No records found!
2024-02-04 19:40:48 Soham Dave : Skipping due to NULL author_id
2024-02-04 19:40:48 Abhinav Dhakal : Skipping due to NULL author_id
2024-02-04 19:40:49 John Dicken  year  2022  : Warning:  No records found!
2024-02-04 19:40:49 Kathy Drinkwater  year  2022  : Warning:  No records found!
2024-02-04 19:40:49 Jason Dupont  year  2022  : Warning:  No records found!
2024-02-04 19:40:51 Sima Ehsani Chimeh  year  2022  : Warning:  No records found!
2024-02-04 19:40:51 Tammer Yehia Elaini : Skipping due to NULL author_id
2024-02-04 19:40:57 Darius Filsoof : Skipping due to NULL author_id
2024-02-04 19:40:57 Kendal Flo Flegenheimer : Skipping due to NULL author_id
2024-02-04 19:40:57 Gerald Goldberg  year  2022  : Warning:  No records found!
2024-02-04 19:40:57 Steven Goldschmid  year  2022  : Warning:  No records found!
2024-02-04 19:40:59 Elvira Gonzalez negrete : Skipping due to NULL author_id
2024-02-04 19:41:01 Oleh Haluszka  year  2022  : Warning:  No records found!
2024-02-04 19:41:02 Jared Head : Skipping due to NULL author_id
2024-02-04 19:41:03 Monica Hinestroza-Jordan : Skipping due to NULL author_id
2024-02-04 19:41:04 Craig Hoover  year  2022  : Warning:  No records found!
2024-02-04 19:41:05 Audriana Nicole Hurbon : Skipping due to NULL author_id
2024-02-04 19:41:10 Khalid Ibrahim : Skipping due to NULL author_id
2024-02-04 19:41:15 Neha Jaswal  year  2022  : Warning:  No records found!
2024-02-04 19:41:16 Christopher Brian Johnson : Skipping due to NULL author_id
2024-02-04 19:41:19 Saher Khalid : Skipping due to NULL author_id
2024-02-04 19:41:19 Nabin Khatiwada : Skipping due to NULL author_id
2024-02-04 19:41:21 Robert Kim : Skipping due to NULL author_id
2024-02-04 19:41:21 Ravi Kiran Vuthoori : Skipping due to NULL author_id
2024-02-04 19:41:21 Amy Klein : Skipping due to NULL author_id
2024-02-04 19:41:21 Steven R. Knoper  year  2022  : Warning:  No records found!
2024-02-04 19:41:27 Gurusaravanan Kutti Sridharan  year  2022  : Warning:  No records found!
2024-02-04 19:41:27 Gurusaravanan Kutti Sridharan  year  2022  : Warning:  No records found!
2024-02-04 19:41:27 Rolando Leal  year  2022  : Warning:  No records found!
2024-02-04 19:41:29 Dylan Lee : Skipping due to NULL author_id
2024-02-04 19:41:30 David Lieberman  year  2022  : Warning:  No records found!
2024-02-04 19:41:30 Haripriya Maddur : Skipping due to NULL author_id
2024-02-04 19:41:33 Saif Arsan Mashaqi : Skipping due to NULL author_id
2024-02-04 19:41:33 Josh Melson : Skipping due to NULL author_id
2024-02-04 19:41:33 Dalia M. Mikhael  year  2022  : Warning:  No records found!
2024-02-04 19:41:33 David Carpenter Miller : Skipping due to NULL author_id
2024-02-04 19:41:33 Artur Mirzabekian : Skipping due to NULL author_id
2024-02-04 19:41:34 Francisco  E. Mora  year  2022  : Warning:  No records found!
2024-02-04 19:41:34 Talal Moukabary  year  2022  : Warning:  No records found!
2024-02-04 19:41:34 Alex Mulmi : Skipping due to NULL author_id
2024-02-04 19:41:38 Rahmi Naseef : Skipping due to NULL author_id
2024-02-04 19:41:40 Nora Odisho Domit : Skipping due to NULL author_id
2024-02-04 19:41:40 Christine Oropez : Skipping due to NULL author_id
2024-02-04 19:41:42 Karen Parker : Skipping due to NULL author_id
2024-02-04 19:41:46 Sara Penquite  year  2022  : Warning:  No records found!
2024-02-04 19:41:46 Sara Penquite  year  2022  : Warning:  No records found!
2024-02-04 19:41:48 JR Exequiel Pineda : Skipping due to NULL author_id
2024-02-04 19:41:48 Jenny Plitt : Skipping due to NULL author_id
2024-02-04 19:41:48 Bupesh Pokhrel : Skipping due to NULL author_id
2024-02-04 19:41:52 Ali Raoof : Skipping due to NULL author_id
2024-02-04 19:41:54 Casey Rendon  year  2022  : Warning:  No records found!
2024-02-04 19:41:54 Dave Reyes : Skipping due to NULL author_id
2024-02-04 19:41:57 Umbreen Rozell  year  2022  : Warning:  No records found!
2024-02-04 19:41:59 Serena Scott  year  2022  : Warning:  No records found!
2024-02-04 19:41:59 Serena Scott  year  2022  : Warning:  No records found!
2024-02-04 19:42:02 Muha Jawad Sethi : Skipping due to NULL author_id
2024-02-04 19:42:05 Nasreen Shaikh : Skipping due to NULL author_id
2024-02-04 19:42:05 Madhan Shanmusgasundaram : Skipping due to NULL author_id
2024-02-04 19:42:08 Aimee Shock : Skipping due to NULL author_id
2024-02-04 19:42:09 Ivan Sierra : Skipping due to NULL author_id
2024-02-04 19:42:16 Mei So  year  2022  : Warning:  No records found!
2024-02-04 19:42:19 Akash Taggarse : Skipping due to NULL author_id
2024-02-04 19:42:21 Kai Tey  year  2022  : Warning:  No records found!
2024-02-04 19:42:26 Golnez Vahdani : Skipping due to NULL author_id
2024-02-04 19:42:26 Monica Vandivort  year  2022  : Warning:  No records found!
2024-02-04 19:42:27 Swati Vasireddy  year  2022  : Warning:  No records found!
2024-02-04 19:42:28 Duane Whitaker  year  2022  : Warning:  No records found!
2024-02-04 19:42:28 Gerald Wolff : Skipping due to NULL author_id
2024-02-04 19:42:30 James Yanes  year  2022  : Warning:  No records found!
2024-02-04 19:42:30 Tiffany Ynosensio : Skipping due to NULL author_id
