Bujji B Ainapurapu https://openalex.org/A5039697878
Joao Paulo Albuquerque Ferreira https://openalex.org/A5043376371
Joseph S Alpert https://openalex.org/A5083966963
Joseph S Alpert https://openalex.org/A5072421475
Bhaskar Banerjee https://openalex.org/A5006354242
Christian Bime https://openalex.org/A5045945076
Frank Brosius https://openalex.org/A5003676386
Daniel C Butler https://openalex.org/A5067778342
Jennifer S Carew https://openalex.org/A5018391856
Tara F Carr https://openalex.org/A5066690347
Tara F Carr https://openalex.org/A5084840996
Dawn K Coletta https://openalex.org/A5067688814
Dawn K Coletta https://openalex.org/A5088455546
Elizabeth Connick https://openalex.org/A5075442903
Keliegh S Culpepper https://openalex.org/A5073443838
Clara N Curiel https://openalex.org/A5013049371
Clara N Curiel https://openalex.org/A5051542787
Fariba Donovan https://openalex.org/A5088685593
Mindy J Fain https://openalex.org/A5033477263
Janet L Funk https://openalex.org/A5051357897
John N Galgiani https://openalex.org/A5004070315
Linda L Garland https://openalex.org/A5038842153
Edward P Gelmann https://openalex.org/A5051729520
Julia H Indik https://openalex.org/A5028475616
Julia H Indik https://openalex.org/A5014145832
Stephen A Klotz https://openalex.org/A5074660848
James L Knepler https://openalex.org/A5013130818
Vivian Akrive Kominos 
C. Kent Kwoh https://openalex.org/A5002622252
C. Kent Kwoh https://openalex.org/A5040967883
C. Kent Kwoh https://openalex.org/A5066562870
C. Kent Kwoh https://openalex.org/A5037215582
C. Kent Kwoh https://openalex.org/A5036679809
Paul R Langlais https://openalex.org/A5014904840
Xingnan Li https://openalex.org/A5060041080
James Kuang-Jan Liao 
Moulun Luo https://openalex.org/A5046813621
Joshua Malo https://openalex.org/A5011892177
Lawrence J Mandarino https://openalex.org/A5089720468
Laura E Meinke https://openalex.org/A5034039983
Juanita L Merchant https://openalex.org/A5042603101
Steffan Nawrocki https://openalex.org/A5062792047
Sairam Parthasarathy https://openalex.org/A5020095687
Salma Imran Patel https://openalex.org/A5062299099
Linda R Phillips https://openalex.org/A5014402169
Franz Rischard https://openalex.org/A5067760662
Saad Sammani https://openalex.org/A5087918435
Rachna Shroff https://openalex.org/A5012936802
Nikola Sladojevic 
Marvin J Slepian https://openalex.org/A5070730048
Jennifer H Stern https://openalex.org/A5036642928
Amy N Sussman https://openalex.org/A5024974847
Sasha Taleban https://openalex.org/A5001564898
Bekir Tanriover https://openalex.org/A5016874418
Tejo K Vemulapalli 
Wayne Tyrus Willis https://openalex.org/A5046359331
Tirdad T Zangeneh https://openalex.org/A5076993071
